running develop
running egg_info
creating pub_and_sub.egg-info
writing pub_and_sub.egg-info/PKG-INFO
writing dependency_links to pub_and_sub.egg-info/dependency_links.txt
writing entry points to pub_and_sub.egg-info/entry_points.txt
writing requirements to pub_and_sub.egg-info/requires.txt
writing top-level names to pub_and_sub.egg-info/top_level.txt
writing manifest file 'pub_and_sub.egg-info/SOURCES.txt'
reading manifest file 'pub_and_sub.egg-info/SOURCES.txt'
writing manifest file 'pub_and_sub.egg-info/SOURCES.txt'
running build_ext
Creating /home/student/Documents/pnimpra/lab3/ros2_ws/install/pub_and_sub/lib/python3.10/site-packages/pub-and-sub.egg-link (link to .)
Installing listener script to /home/student/Documents/pnimpra/lab3/ros2_ws/install/pub_and_sub/lib/pub_and_sub
Installing talker script to /home/student/Documents/pnimpra/lab3/ros2_ws/install/pub_and_sub/lib/pub_and_sub

Installed /home/student/Documents/pnimpra/lab3/ros2_ws/build/pub_and_sub
running symlink_data
creating /home/student/Documents/pnimpra/lab3/ros2_ws/install/pub_and_sub/share/ament_index
creating /home/student/Documents/pnimpra/lab3/ros2_ws/install/pub_and_sub/share/ament_index/resource_index
creating /home/student/Documents/pnimpra/lab3/ros2_ws/install/pub_and_sub/share/ament_index/resource_index/packages
symbolically linking /home/student/Documents/pnimpra/lab3/ros2_ws/build/pub_and_sub/resource/pub_and_sub -> /home/student/Documents/pnimpra/lab3/ros2_ws/install/pub_and_sub/share/ament_index/resource_index/packages
symbolically linking /home/student/Documents/pnimpra/lab3/ros2_ws/build/pub_and_sub/package.xml -> /home/student/Documents/pnimpra/lab3/ros2_ws/install/pub_and_sub/share/pub_and_sub
