[1.584s] Invoking command in '/home/student/Documents/pnimpra/lab3/ros2_ws/build/pub_and_sub': PYTHONPATH=/home/student/Documents/pnimpra/lab3/ros2_ws/build/pub_and_sub/prefix_override:/usr/lib/python3/dist-packages/colcon_core/task/python/colcon_distutils_commands:/home/student/Documents/pnimpra/lab3/ros2_ws/install/pub_and_sub/lib/python3.10/site-packages:${PYTHONPATH} /usr/bin/python3 -W ignore:setup.py install is deprecated -W ignore:easy_install command is deprecated setup.py develop --editable --build-directory /home/student/Documents/pnimpra/lab3/ros2_ws/build/pub_and_sub/build --no-deps symlink_data
[2.012s] running develop
[2.229s] running egg_info
[2.229s] creating pub_and_sub.egg-info
[2.229s] writing pub_and_sub.egg-info/PKG-INFO
[2.231s] writing dependency_links to pub_and_sub.egg-info/dependency_links.txt
[2.231s] writing entry points to pub_and_sub.egg-info/entry_points.txt
[2.231s] writing requirements to pub_and_sub.egg-info/requires.txt
[2.231s] writing top-level names to pub_and_sub.egg-info/top_level.txt
[2.231s] writing manifest file 'pub_and_sub.egg-info/SOURCES.txt'
[2.232s] reading manifest file 'pub_and_sub.egg-info/SOURCES.txt'
[2.233s] writing manifest file 'pub_and_sub.egg-info/SOURCES.txt'
[2.234s] running build_ext
[2.235s] Creating /home/student/Documents/pnimpra/lab3/ros2_ws/install/pub_and_sub/lib/python3.10/site-packages/pub-and-sub.egg-link (link to .)
[2.236s] Installing listener script to /home/student/Documents/pnimpra/lab3/ros2_ws/install/pub_and_sub/lib/pub_and_sub
[2.236s] Installing talker script to /home/student/Documents/pnimpra/lab3/ros2_ws/install/pub_and_sub/lib/pub_and_sub
[2.236s] 
[2.236s] Installed /home/student/Documents/pnimpra/lab3/ros2_ws/build/pub_and_sub
[2.237s] running symlink_data
[2.238s] creating /home/student/Documents/pnimpra/lab3/ros2_ws/install/pub_and_sub/share/ament_index
[2.238s] creating /home/student/Documents/pnimpra/lab3/ros2_ws/install/pub_and_sub/share/ament_index/resource_index
[2.238s] creating /home/student/Documents/pnimpra/lab3/ros2_ws/install/pub_and_sub/share/ament_index/resource_index/packages
[2.238s] symbolically linking /home/student/Documents/pnimpra/lab3/ros2_ws/build/pub_and_sub/resource/pub_and_sub -> /home/student/Documents/pnimpra/lab3/ros2_ws/install/pub_and_sub/share/ament_index/resource_index/packages
[2.238s] symbolically linking /home/student/Documents/pnimpra/lab3/ros2_ws/build/pub_and_sub/package.xml -> /home/student/Documents/pnimpra/lab3/ros2_ws/install/pub_and_sub/share/pub_and_sub
[2.282s] Invoked command in '/home/student/Documents/pnimpra/lab3/ros2_ws/build/pub_and_sub' returned '0': PYTHONPATH=/home/student/Documents/pnimpra/lab3/ros2_ws/build/pub_and_sub/prefix_override:/usr/lib/python3/dist-packages/colcon_core/task/python/colcon_distutils_commands:/home/student/Documents/pnimpra/lab3/ros2_ws/install/pub_and_sub/lib/python3.10/site-packages:${PYTHONPATH} /usr/bin/python3 -W ignore:setup.py install is deprecated -W ignore:easy_install command is deprecated setup.py develop --editable --build-directory /home/student/Documents/pnimpra/lab3/ros2_ws/build/pub_and_sub/build --no-deps symlink_data
