[0.174s] DEBUG:colcon:Command line arguments: ['/usr/bin/colcon', 'build', '--symlink-install']
[0.174s] DEBUG:colcon:Parsed command line arguments: Namespace(log_base=None, log_level=None, verb_name='build', build_base='build', install_base='install', merge_install=False, symlink_install=True, test_result_base=None, continue_on_error=False, executor='parallel', parallel_workers=4, event_handlers=None, ignore_user_meta=False, metas=['./colcon.meta'], base_paths=['.'], packages_ignore=None, packages_ignore_regex=None, paths=None, packages_up_to=None, packages_up_to_regex=None, packages_above=None, packages_above_and_dependencies=None, packages_above_depth=None, packages_select_by_dep=None, packages_skip_by_dep=None, packages_skip_up_to=None, packages_select_build_failed=False, packages_skip_build_finished=False, packages_select_test_failures=False, packages_skip_test_passed=False, packages_select=None, packages_skip=None, packages_select_regex=None, packages_skip_regex=None, packages_start=None, packages_end=None, allow_overriding=[], cmake_args=None, cmake_target=None, cmake_target_skip_unavailable=False, cmake_clean_cache=False, cmake_clean_first=False, cmake_force_configure=False, ament_cmake_args=None, catkin_cmake_args=None, catkin_skip_building_tests=False, verb_parser=<colcon_defaults.argument_parser.defaults.DefaultArgumentsDecorator object at 0x717c05869000>, verb_extension=<colcon_core.verb.build.BuildVerb object at 0x717c059de920>, main=<bound method BuildVerb.main of <colcon_core.verb.build.BuildVerb object at 0x717c059de920>>)
[0.466s] Level 1:colcon.colcon_core.package_discovery:discover_packages(colcon_meta) check parameters
[0.466s] Level 1:colcon.colcon_core.package_discovery:discover_packages(recursive) check parameters
[0.466s] Level 1:colcon.colcon_core.package_discovery:discover_packages(ignore) check parameters
[0.466s] Level 1:colcon.colcon_core.package_discovery:discover_packages(path) check parameters
[0.466s] Level 1:colcon.colcon_core.package_discovery:discover_packages(colcon_meta) discover
[0.466s] Level 1:colcon.colcon_core.package_discovery:discover_packages(recursive) discover
[0.466s] INFO:colcon.colcon_core.package_discovery:Crawling recursively for packages in '/home/student/Documents/pnimpra/lab3/ros2_ws'
[0.466s] Level 1:colcon.colcon_core.package_identification:_identify(.) by extensions ['ignore', 'ignore_ament_install']
[0.466s] Level 1:colcon.colcon_core.package_identification:_identify(.) by extension 'ignore'
[0.466s] Level 1:colcon.colcon_core.package_identification:_identify(.) by extension 'ignore_ament_install'
[0.466s] Level 1:colcon.colcon_core.package_identification:_identify(.) by extensions ['colcon_pkg']
[0.466s] Level 1:colcon.colcon_core.package_identification:_identify(.) by extension 'colcon_pkg'
[0.466s] Level 1:colcon.colcon_core.package_identification:_identify(.) by extensions ['colcon_meta']
[0.466s] Level 1:colcon.colcon_core.package_identification:_identify(.) by extension 'colcon_meta'
[0.466s] Level 1:colcon.colcon_core.package_identification:_identify(.) by extensions ['ros']
[0.467s] Level 1:colcon.colcon_core.package_identification:_identify(.) by extension 'ros'
[0.483s] Level 1:colcon.colcon_core.package_identification:_identify(.) by extensions ['cmake', 'python']
[0.483s] Level 1:colcon.colcon_core.package_identification:_identify(.) by extension 'cmake'
[0.483s] Level 1:colcon.colcon_core.package_identification:_identify(.) by extension 'python'
[0.483s] Level 1:colcon.colcon_core.package_identification:_identify(.) by extensions ['python_setup_py']
[0.483s] Level 1:colcon.colcon_core.package_identification:_identify(.) by extension 'python_setup_py'
[0.484s] Level 1:colcon.colcon_core.package_identification:_identify(bin) by extensions ['ignore', 'ignore_ament_install']
[0.484s] Level 1:colcon.colcon_core.package_identification:_identify(bin) by extension 'ignore'
[0.484s] Level 1:colcon.colcon_core.package_identification:_identify(bin) by extension 'ignore_ament_install'
[0.484s] Level 1:colcon.colcon_core.package_identification:_identify(bin) by extensions ['colcon_pkg']
[0.484s] Level 1:colcon.colcon_core.package_identification:_identify(bin) by extension 'colcon_pkg'
[0.484s] Level 1:colcon.colcon_core.package_identification:_identify(bin) by extensions ['colcon_meta']
[0.484s] Level 1:colcon.colcon_core.package_identification:_identify(bin) by extension 'colcon_meta'
[0.484s] Level 1:colcon.colcon_core.package_identification:_identify(bin) by extensions ['ros']
[0.484s] Level 1:colcon.colcon_core.package_identification:_identify(bin) by extension 'ros'
[0.484s] Level 1:colcon.colcon_core.package_identification:_identify(bin) by extensions ['cmake', 'python']
[0.484s] Level 1:colcon.colcon_core.package_identification:_identify(bin) by extension 'cmake'
[0.484s] Level 1:colcon.colcon_core.package_identification:_identify(bin) by extension 'python'
[0.484s] Level 1:colcon.colcon_core.package_identification:_identify(bin) by extensions ['python_setup_py']
[0.484s] Level 1:colcon.colcon_core.package_identification:_identify(bin) by extension 'python_setup_py'
[0.484s] Level 1:colcon.colcon_core.package_identification:_identify(build) by extensions ['ignore', 'ignore_ament_install']
[0.484s] Level 1:colcon.colcon_core.package_identification:_identify(build) by extension 'ignore'
[0.484s] Level 1:colcon.colcon_core.package_identification:_identify(build) ignored
[0.485s] Level 1:colcon.colcon_core.package_identification:_identify(install) by extensions ['ignore', 'ignore_ament_install']
[0.485s] Level 1:colcon.colcon_core.package_identification:_identify(install) by extension 'ignore'
[0.485s] Level 1:colcon.colcon_core.package_identification:_identify(install) ignored
[0.485s] Level 1:colcon.colcon_core.package_identification:_identify(log) by extensions ['ignore', 'ignore_ament_install']
[0.485s] Level 1:colcon.colcon_core.package_identification:_identify(log) by extension 'ignore'
[0.485s] Level 1:colcon.colcon_core.package_identification:_identify(log) ignored
[0.485s] Level 1:colcon.colcon_core.package_identification:_identify(src) by extensions ['ignore', 'ignore_ament_install']
[0.485s] Level 1:colcon.colcon_core.package_identification:_identify(src) by extension 'ignore'
[0.485s] Level 1:colcon.colcon_core.package_identification:_identify(src) by extension 'ignore_ament_install'
[0.485s] Level 1:colcon.colcon_core.package_identification:_identify(src) by extensions ['colcon_pkg']
[0.485s] Level 1:colcon.colcon_core.package_identification:_identify(src) by extension 'colcon_pkg'
[0.485s] Level 1:colcon.colcon_core.package_identification:_identify(src) by extensions ['colcon_meta']
[0.485s] Level 1:colcon.colcon_core.package_identification:_identify(src) by extension 'colcon_meta'
[0.485s] Level 1:colcon.colcon_core.package_identification:_identify(src) by extensions ['ros']
[0.485s] Level 1:colcon.colcon_core.package_identification:_identify(src) by extension 'ros'
[0.485s] Level 1:colcon.colcon_core.package_identification:_identify(src) by extensions ['cmake', 'python']
[0.485s] Level 1:colcon.colcon_core.package_identification:_identify(src) by extension 'cmake'
[0.486s] Level 1:colcon.colcon_core.package_identification:_identify(src) by extension 'python'
[0.486s] Level 1:colcon.colcon_core.package_identification:_identify(src) by extensions ['python_setup_py']
[0.486s] Level 1:colcon.colcon_core.package_identification:_identify(src) by extension 'python_setup_py'
[0.486s] Level 1:colcon.colcon_core.package_identification:_identify(src/pnimpra_ros_introduction) by extensions ['ignore', 'ignore_ament_install']
[0.486s] Level 1:colcon.colcon_core.package_identification:_identify(src/pnimpra_ros_introduction) by extension 'ignore'
[0.486s] Level 1:colcon.colcon_core.package_identification:_identify(src/pnimpra_ros_introduction) by extension 'ignore_ament_install'
[0.486s] Level 1:colcon.colcon_core.package_identification:_identify(src/pnimpra_ros_introduction) by extensions ['colcon_pkg']
[0.486s] Level 1:colcon.colcon_core.package_identification:_identify(src/pnimpra_ros_introduction) by extension 'colcon_pkg'
[0.486s] Level 1:colcon.colcon_core.package_identification:_identify(src/pnimpra_ros_introduction) by extensions ['colcon_meta']
[0.486s] Level 1:colcon.colcon_core.package_identification:_identify(src/pnimpra_ros_introduction) by extension 'colcon_meta'
[0.486s] Level 1:colcon.colcon_core.package_identification:_identify(src/pnimpra_ros_introduction) by extensions ['ros']
[0.486s] Level 1:colcon.colcon_core.package_identification:_identify(src/pnimpra_ros_introduction) by extension 'ros'
[0.486s] Level 1:colcon.colcon_core.package_identification:_identify(src/pnimpra_ros_introduction) by extensions ['cmake', 'python']
[0.486s] Level 1:colcon.colcon_core.package_identification:_identify(src/pnimpra_ros_introduction) by extension 'cmake'
[0.486s] Level 1:colcon.colcon_core.package_identification:_identify(src/pnimpra_ros_introduction) by extension 'python'
[0.486s] Level 1:colcon.colcon_core.package_identification:_identify(src/pnimpra_ros_introduction) by extensions ['python_setup_py']
[0.486s] Level 1:colcon.colcon_core.package_identification:_identify(src/pnimpra_ros_introduction) by extension 'python_setup_py'
[0.486s] Level 1:colcon.colcon_core.package_identification:_identify(src/pnimpra_ros_introduction/consecutive_numbers) by extensions ['ignore', 'ignore_ament_install']
[0.486s] Level 1:colcon.colcon_core.package_identification:_identify(src/pnimpra_ros_introduction/consecutive_numbers) by extension 'ignore'
[0.487s] Level 1:colcon.colcon_core.package_identification:_identify(src/pnimpra_ros_introduction/consecutive_numbers) by extension 'ignore_ament_install'
[0.487s] Level 1:colcon.colcon_core.package_identification:_identify(src/pnimpra_ros_introduction/consecutive_numbers) by extensions ['colcon_pkg']
[0.487s] Level 1:colcon.colcon_core.package_identification:_identify(src/pnimpra_ros_introduction/consecutive_numbers) by extension 'colcon_pkg'
[0.487s] Level 1:colcon.colcon_core.package_identification:_identify(src/pnimpra_ros_introduction/consecutive_numbers) by extensions ['colcon_meta']
[0.487s] Level 1:colcon.colcon_core.package_identification:_identify(src/pnimpra_ros_introduction/consecutive_numbers) by extension 'colcon_meta'
[0.487s] Level 1:colcon.colcon_core.package_identification:_identify(src/pnimpra_ros_introduction/consecutive_numbers) by extensions ['ros']
[0.487s] Level 1:colcon.colcon_core.package_identification:_identify(src/pnimpra_ros_introduction/consecutive_numbers) by extension 'ros'
[0.492s] DEBUG:colcon.colcon_core.package_identification:Package 'src/pnimpra_ros_introduction/consecutive_numbers' with type 'ros.ament_python' and name 'consecutive_numbers'
[0.493s] Level 1:colcon.colcon_core.package_identification:_identify(src/pnimpra_ros_introduction/turtlesim_operations) by extensions ['ignore', 'ignore_ament_install']
[0.493s] Level 1:colcon.colcon_core.package_identification:_identify(src/pnimpra_ros_introduction/turtlesim_operations) by extension 'ignore'
[0.493s] Level 1:colcon.colcon_core.package_identification:_identify(src/pnimpra_ros_introduction/turtlesim_operations) by extension 'ignore_ament_install'
[0.493s] Level 1:colcon.colcon_core.package_identification:_identify(src/pnimpra_ros_introduction/turtlesim_operations) by extensions ['colcon_pkg']
[0.493s] Level 1:colcon.colcon_core.package_identification:_identify(src/pnimpra_ros_introduction/turtlesim_operations) by extension 'colcon_pkg'
[0.493s] Level 1:colcon.colcon_core.package_identification:_identify(src/pnimpra_ros_introduction/turtlesim_operations) by extensions ['colcon_meta']
[0.493s] Level 1:colcon.colcon_core.package_identification:_identify(src/pnimpra_ros_introduction/turtlesim_operations) by extension 'colcon_meta'
[0.493s] Level 1:colcon.colcon_core.package_identification:_identify(src/pnimpra_ros_introduction/turtlesim_operations) by extensions ['ros']
[0.493s] Level 1:colcon.colcon_core.package_identification:_identify(src/pnimpra_ros_introduction/turtlesim_operations) by extension 'ros'
[0.494s] DEBUG:colcon.colcon_core.package_identification:Package 'src/pnimpra_ros_introduction/turtlesim_operations' with type 'ros.ament_python' and name 'turtlesim_operations'
[0.497s] Level 1:colcon.colcon_core.package_discovery:discover_packages(recursive) using defaults
[0.497s] Level 1:colcon.colcon_core.package_discovery:discover_packages(ignore) discover
[0.497s] Level 1:colcon.colcon_core.package_discovery:discover_packages(ignore) using defaults
[0.497s] Level 1:colcon.colcon_core.package_discovery:discover_packages(path) discover
[0.497s] Level 1:colcon.colcon_core.package_discovery:discover_packages(path) using defaults
[0.560s] Level 1:colcon.colcon_core.package_discovery:discover_packages(prefix_path) check parameters
[0.560s] Level 1:colcon.colcon_core.package_discovery:discover_packages(prefix_path) discover
[0.565s] DEBUG:colcon.colcon_installed_package_information.package_discovery:Found 456 installed packages in /opt/ros/humble
[0.567s] Level 1:colcon.colcon_core.package_discovery:discover_packages(prefix_path) using defaults
[0.628s] Level 5:colcon.colcon_core.verb:set package 'consecutive_numbers' build argument 'cmake_args' from command line to 'None'
[0.628s] Level 5:colcon.colcon_core.verb:set package 'consecutive_numbers' build argument 'cmake_target' from command line to 'None'
[0.628s] Level 5:colcon.colcon_core.verb:set package 'consecutive_numbers' build argument 'cmake_target_skip_unavailable' from command line to 'False'
[0.628s] Level 5:colcon.colcon_core.verb:set package 'consecutive_numbers' build argument 'cmake_clean_cache' from command line to 'False'
[0.628s] Level 5:colcon.colcon_core.verb:set package 'consecutive_numbers' build argument 'cmake_clean_first' from command line to 'False'
[0.628s] Level 5:colcon.colcon_core.verb:set package 'consecutive_numbers' build argument 'cmake_force_configure' from command line to 'False'
[0.628s] Level 5:colcon.colcon_core.verb:set package 'consecutive_numbers' build argument 'ament_cmake_args' from command line to 'None'
[0.628s] Level 5:colcon.colcon_core.verb:set package 'consecutive_numbers' build argument 'catkin_cmake_args' from command line to 'None'
[0.628s] Level 5:colcon.colcon_core.verb:set package 'consecutive_numbers' build argument 'catkin_skip_building_tests' from command line to 'False'
[0.628s] DEBUG:colcon.colcon_core.verb:Building package 'consecutive_numbers' with the following arguments: {'ament_cmake_args': None, 'build_base': '/home/student/Documents/pnimpra/lab3/ros2_ws/build/consecutive_numbers', 'catkin_cmake_args': None, 'catkin_skip_building_tests': False, 'cmake_args': None, 'cmake_clean_cache': False, 'cmake_clean_first': False, 'cmake_force_configure': False, 'cmake_target': None, 'cmake_target_skip_unavailable': False, 'install_base': '/home/student/Documents/pnimpra/lab3/ros2_ws/install/consecutive_numbers', 'merge_install': False, 'path': '/home/student/Documents/pnimpra/lab3/ros2_ws/src/pnimpra_ros_introduction/consecutive_numbers', 'symlink_install': True, 'test_result_base': None}
[0.628s] Level 5:colcon.colcon_core.verb:set package 'turtlesim_operations' build argument 'cmake_args' from command line to 'None'
[0.628s] Level 5:colcon.colcon_core.verb:set package 'turtlesim_operations' build argument 'cmake_target' from command line to 'None'
[0.628s] Level 5:colcon.colcon_core.verb:set package 'turtlesim_operations' build argument 'cmake_target_skip_unavailable' from command line to 'False'
[0.629s] Level 5:colcon.colcon_core.verb:set package 'turtlesim_operations' build argument 'cmake_clean_cache' from command line to 'False'
[0.629s] Level 5:colcon.colcon_core.verb:set package 'turtlesim_operations' build argument 'cmake_clean_first' from command line to 'False'
[0.629s] Level 5:colcon.colcon_core.verb:set package 'turtlesim_operations' build argument 'cmake_force_configure' from command line to 'False'
[0.629s] Level 5:colcon.colcon_core.verb:set package 'turtlesim_operations' build argument 'ament_cmake_args' from command line to 'None'
[0.629s] Level 5:colcon.colcon_core.verb:set package 'turtlesim_operations' build argument 'catkin_cmake_args' from command line to 'None'
[0.629s] Level 5:colcon.colcon_core.verb:set package 'turtlesim_operations' build argument 'catkin_skip_building_tests' from command line to 'False'
[0.629s] DEBUG:colcon.colcon_core.verb:Building package 'turtlesim_operations' with the following arguments: {'ament_cmake_args': None, 'build_base': '/home/student/Documents/pnimpra/lab3/ros2_ws/build/turtlesim_operations', 'catkin_cmake_args': None, 'catkin_skip_building_tests': False, 'cmake_args': None, 'cmake_clean_cache': False, 'cmake_clean_first': False, 'cmake_force_configure': False, 'cmake_target': None, 'cmake_target_skip_unavailable': False, 'install_base': '/home/student/Documents/pnimpra/lab3/ros2_ws/install/turtlesim_operations', 'merge_install': False, 'path': '/home/student/Documents/pnimpra/lab3/ros2_ws/src/pnimpra_ros_introduction/turtlesim_operations', 'symlink_install': True, 'test_result_base': None}
[0.629s] INFO:colcon.colcon_core.executor:Executing jobs using 'parallel' executor
[0.631s] DEBUG:colcon.colcon_parallel_executor.executor.parallel:run_until_complete
[0.631s] INFO:colcon.colcon_ros.task.ament_python.build:Building ROS package in '/home/student/Documents/pnimpra/lab3/ros2_ws/src/pnimpra_ros_introduction/consecutive_numbers' with build type 'ament_python'
[0.631s] Level 1:colcon.colcon_core.shell:create_environment_hook('consecutive_numbers', 'ament_prefix_path')
[0.636s] INFO:colcon.colcon_core.plugin_system:Skipping extension 'colcon_core.shell.bat': Not used on non-Windows systems
[0.636s] INFO:colcon.colcon_core.shell:Creating environment hook '/home/student/Documents/pnimpra/lab3/ros2_ws/install/consecutive_numbers/share/consecutive_numbers/hook/ament_prefix_path.ps1'
[0.637s] INFO:colcon.colcon_core.shell:Creating environment descriptor '/home/student/Documents/pnimpra/lab3/ros2_ws/install/consecutive_numbers/share/consecutive_numbers/hook/ament_prefix_path.dsv'
[0.638s] INFO:colcon.colcon_core.shell:Creating environment hook '/home/student/Documents/pnimpra/lab3/ros2_ws/install/consecutive_numbers/share/consecutive_numbers/hook/ament_prefix_path.sh'
[0.639s] INFO:colcon.colcon_core.shell:Skip shell extension 'powershell' for command environment: Not usable outside of PowerShell
[0.639s] DEBUG:colcon.colcon_core.shell:Skip shell extension 'dsv' for command environment
[0.643s] INFO:colcon.colcon_ros.task.ament_python.build:Building ROS package in '/home/student/Documents/pnimpra/lab3/ros2_ws/src/pnimpra_ros_introduction/turtlesim_operations' with build type 'ament_python'
[0.643s] Level 1:colcon.colcon_core.shell:create_environment_hook('turtlesim_operations', 'ament_prefix_path')
[0.643s] INFO:colcon.colcon_core.shell:Creating environment hook '/home/student/Documents/pnimpra/lab3/ros2_ws/install/turtlesim_operations/share/turtlesim_operations/hook/ament_prefix_path.ps1'
[0.644s] INFO:colcon.colcon_core.shell:Creating environment descriptor '/home/student/Documents/pnimpra/lab3/ros2_ws/install/turtlesim_operations/share/turtlesim_operations/hook/ament_prefix_path.dsv'
[0.644s] INFO:colcon.colcon_core.shell:Creating environment hook '/home/student/Documents/pnimpra/lab3/ros2_ws/install/turtlesim_operations/share/turtlesim_operations/hook/ament_prefix_path.sh'
[0.645s] INFO:colcon.colcon_core.shell:Skip shell extension 'powershell' for command environment: Not usable outside of PowerShell
[0.645s] DEBUG:colcon.colcon_core.shell:Skip shell extension 'dsv' for command environment
[0.926s] INFO:colcon.colcon_core.task.python.build:Building Python package in '/home/student/Documents/pnimpra/lab3/ros2_ws/src/pnimpra_ros_introduction/consecutive_numbers'
[0.926s] INFO:colcon.colcon_core.shell:Skip shell extension 'powershell' for command environment: Not usable outside of PowerShell
[0.926s] DEBUG:colcon.colcon_core.shell:Skip shell extension 'dsv' for command environment
[1.201s] INFO:colcon.colcon_core.task.python.build:Building Python package in '/home/student/Documents/pnimpra/lab3/ros2_ws/src/pnimpra_ros_introduction/turtlesim_operations'
[1.201s] INFO:colcon.colcon_core.shell:Skip shell extension 'powershell' for command environment: Not usable outside of PowerShell
[1.201s] DEBUG:colcon.colcon_core.shell:Skip shell extension 'dsv' for command environment
[1.721s] DEBUG:colcon.colcon_core.event_handler.log_command:Invoking command in '/home/student/Documents/pnimpra/lab3/ros2_ws/build/consecutive_numbers': PYTHONPATH=/home/student/Documents/pnimpra/lab3/ros2_ws/build/consecutive_numbers/prefix_override:/usr/lib/python3/dist-packages/colcon_core/task/python/colcon_distutils_commands:/home/student/Documents/pnimpra/lab3/ros2_ws/install/consecutive_numbers/lib/python3.10/site-packages:${PYTHONPATH} /usr/bin/python3 -W ignore:setup.py install is deprecated -W ignore:easy_install command is deprecated setup.py develop --editable --build-directory /home/student/Documents/pnimpra/lab3/ros2_ws/build/consecutive_numbers/build --no-deps symlink_data
[1.722s] DEBUG:colcon.colcon_core.event_handler.log_command:Invoking command in '/home/student/Documents/pnimpra/lab3/ros2_ws/build/turtlesim_operations': PYTHONPATH=/home/student/Documents/pnimpra/lab3/ros2_ws/build/turtlesim_operations/prefix_override:/usr/lib/python3/dist-packages/colcon_core/task/python/colcon_distutils_commands:/home/student/Documents/pnimpra/lab3/ros2_ws/install/turtlesim_operations/lib/python3.10/site-packages:${PYTHONPATH} /usr/bin/python3 -W ignore:setup.py install is deprecated -W ignore:easy_install command is deprecated setup.py develop --editable --build-directory /home/student/Documents/pnimpra/lab3/ros2_ws/build/turtlesim_operations/build --no-deps symlink_data
[2.242s] Level 1:colcon.colcon_core.shell:create_environment_hook('turtlesim_operations', 'pythonpath_develop')
[2.242s] INFO:colcon.colcon_core.shell:Creating environment hook '/home/student/Documents/pnimpra/lab3/ros2_ws/build/turtlesim_operations/share/turtlesim_operations/hook/pythonpath_develop.ps1'
[2.243s] INFO:colcon.colcon_core.shell:Creating environment descriptor '/home/student/Documents/pnimpra/lab3/ros2_ws/build/turtlesim_operations/share/turtlesim_operations/hook/pythonpath_develop.dsv'
[2.243s] INFO:colcon.colcon_core.shell:Creating environment hook '/home/student/Documents/pnimpra/lab3/ros2_ws/build/turtlesim_operations/share/turtlesim_operations/hook/pythonpath_develop.sh'
[2.244s] DEBUG:colcon.colcon_core.event_handler.log_command:Invoked command in '/home/student/Documents/pnimpra/lab3/ros2_ws/build/turtlesim_operations' returned '0': PYTHONPATH=/home/student/Documents/pnimpra/lab3/ros2_ws/build/turtlesim_operations/prefix_override:/usr/lib/python3/dist-packages/colcon_core/task/python/colcon_distutils_commands:/home/student/Documents/pnimpra/lab3/ros2_ws/install/turtlesim_operations/lib/python3.10/site-packages:${PYTHONPATH} /usr/bin/python3 -W ignore:setup.py install is deprecated -W ignore:easy_install command is deprecated setup.py develop --editable --build-directory /home/student/Documents/pnimpra/lab3/ros2_ws/build/turtlesim_operations/build --no-deps symlink_data
[2.250s] Level 1:colcon.colcon_core.environment:checking '/home/student/Documents/pnimpra/lab3/ros2_ws/install/turtlesim_operations' for CMake module files
[2.251s] Level 1:colcon.colcon_core.environment:checking '/home/student/Documents/pnimpra/lab3/ros2_ws/install/turtlesim_operations' for CMake config files
[2.251s] Level 1:colcon.colcon_core.environment:checking '/home/student/Documents/pnimpra/lab3/ros2_ws/install/turtlesim_operations/lib'
[2.252s] Level 1:colcon.colcon_core.environment:checking '/home/student/Documents/pnimpra/lab3/ros2_ws/install/turtlesim_operations/bin'
[2.252s] Level 1:colcon.colcon_core.environment:checking '/home/student/Documents/pnimpra/lab3/ros2_ws/install/turtlesim_operations/lib/pkgconfig/turtlesim_operations.pc'
[2.252s] Level 1:colcon.colcon_core.environment:checking '/home/student/Documents/pnimpra/lab3/ros2_ws/install/turtlesim_operations/lib/python3.10/site-packages'
[2.252s] Level 1:colcon.colcon_core.shell:create_environment_hook('turtlesim_operations', 'pythonpath')
[2.252s] INFO:colcon.colcon_core.shell:Creating environment hook '/home/student/Documents/pnimpra/lab3/ros2_ws/install/turtlesim_operations/share/turtlesim_operations/hook/pythonpath.ps1'
[2.253s] INFO:colcon.colcon_core.shell:Creating environment descriptor '/home/student/Documents/pnimpra/lab3/ros2_ws/install/turtlesim_operations/share/turtlesim_operations/hook/pythonpath.dsv'
[2.253s] INFO:colcon.colcon_core.shell:Creating environment hook '/home/student/Documents/pnimpra/lab3/ros2_ws/install/turtlesim_operations/share/turtlesim_operations/hook/pythonpath.sh'
[2.254s] Level 1:colcon.colcon_core.environment:checking '/home/student/Documents/pnimpra/lab3/ros2_ws/install/turtlesim_operations/bin'
[2.254s] Level 1:colcon.colcon_core.environment:create_environment_scripts_only(turtlesim_operations)
[2.254s] INFO:colcon.colcon_core.shell:Creating package script '/home/student/Documents/pnimpra/lab3/ros2_ws/install/turtlesim_operations/share/turtlesim_operations/package.ps1'
[2.255s] INFO:colcon.colcon_core.shell:Creating package descriptor '/home/student/Documents/pnimpra/lab3/ros2_ws/install/turtlesim_operations/share/turtlesim_operations/package.dsv'
[2.256s] INFO:colcon.colcon_core.shell:Creating package script '/home/student/Documents/pnimpra/lab3/ros2_ws/install/turtlesim_operations/share/turtlesim_operations/package.sh'
[2.256s] INFO:colcon.colcon_core.shell:Creating package script '/home/student/Documents/pnimpra/lab3/ros2_ws/install/turtlesim_operations/share/turtlesim_operations/package.bash'
[2.257s] INFO:colcon.colcon_core.shell:Creating package script '/home/student/Documents/pnimpra/lab3/ros2_ws/install/turtlesim_operations/share/turtlesim_operations/package.zsh'
[2.258s] Level 1:colcon.colcon_core.environment:create_file_with_runtime_dependencies(/home/student/Documents/pnimpra/lab3/ros2_ws/install/turtlesim_operations/share/colcon-core/packages/turtlesim_operations)
[2.261s] Level 1:colcon.colcon_core.shell:create_environment_hook('consecutive_numbers', 'pythonpath_develop')
[2.262s] INFO:colcon.colcon_core.shell:Creating environment hook '/home/student/Documents/pnimpra/lab3/ros2_ws/build/consecutive_numbers/share/consecutive_numbers/hook/pythonpath_develop.ps1'
[2.262s] INFO:colcon.colcon_core.shell:Creating environment descriptor '/home/student/Documents/pnimpra/lab3/ros2_ws/build/consecutive_numbers/share/consecutive_numbers/hook/pythonpath_develop.dsv'
[2.262s] INFO:colcon.colcon_core.shell:Creating environment hook '/home/student/Documents/pnimpra/lab3/ros2_ws/build/consecutive_numbers/share/consecutive_numbers/hook/pythonpath_develop.sh'
[2.263s] Level 1:colcon.colcon_core.environment:checking '/home/student/Documents/pnimpra/lab3/ros2_ws/install/consecutive_numbers' for CMake module files
[2.263s] Level 1:colcon.colcon_core.environment:checking '/home/student/Documents/pnimpra/lab3/ros2_ws/install/consecutive_numbers' for CMake config files
[2.264s] DEBUG:colcon.colcon_core.event_handler.log_command:Invoked command in '/home/student/Documents/pnimpra/lab3/ros2_ws/build/consecutive_numbers' returned '0': PYTHONPATH=/home/student/Documents/pnimpra/lab3/ros2_ws/build/consecutive_numbers/prefix_override:/usr/lib/python3/dist-packages/colcon_core/task/python/colcon_distutils_commands:/home/student/Documents/pnimpra/lab3/ros2_ws/install/consecutive_numbers/lib/python3.10/site-packages:${PYTHONPATH} /usr/bin/python3 -W ignore:setup.py install is deprecated -W ignore:easy_install command is deprecated setup.py develop --editable --build-directory /home/student/Documents/pnimpra/lab3/ros2_ws/build/consecutive_numbers/build --no-deps symlink_data
[2.264s] Level 1:colcon.colcon_core.environment:checking '/home/student/Documents/pnimpra/lab3/ros2_ws/install/consecutive_numbers/lib'
[2.264s] Level 1:colcon.colcon_core.environment:checking '/home/student/Documents/pnimpra/lab3/ros2_ws/install/consecutive_numbers/bin'
[2.265s] Level 1:colcon.colcon_core.environment:checking '/home/student/Documents/pnimpra/lab3/ros2_ws/install/consecutive_numbers/lib/pkgconfig/consecutive_numbers.pc'
[2.265s] Level 1:colcon.colcon_core.environment:checking '/home/student/Documents/pnimpra/lab3/ros2_ws/install/consecutive_numbers/lib/python3.10/site-packages'
[2.265s] Level 1:colcon.colcon_core.shell:create_environment_hook('consecutive_numbers', 'pythonpath')
[2.265s] INFO:colcon.colcon_core.shell:Creating environment hook '/home/student/Documents/pnimpra/lab3/ros2_ws/install/consecutive_numbers/share/consecutive_numbers/hook/pythonpath.ps1'
[2.265s] INFO:colcon.colcon_core.shell:Creating environment descriptor '/home/student/Documents/pnimpra/lab3/ros2_ws/install/consecutive_numbers/share/consecutive_numbers/hook/pythonpath.dsv'
[2.266s] INFO:colcon.colcon_core.shell:Creating environment hook '/home/student/Documents/pnimpra/lab3/ros2_ws/install/consecutive_numbers/share/consecutive_numbers/hook/pythonpath.sh'
[2.266s] Level 1:colcon.colcon_core.environment:checking '/home/student/Documents/pnimpra/lab3/ros2_ws/install/consecutive_numbers/bin'
[2.266s] Level 1:colcon.colcon_core.environment:create_environment_scripts_only(consecutive_numbers)
[2.267s] INFO:colcon.colcon_core.shell:Creating package script '/home/student/Documents/pnimpra/lab3/ros2_ws/install/consecutive_numbers/share/consecutive_numbers/package.ps1'
[2.267s] INFO:colcon.colcon_core.shell:Creating package descriptor '/home/student/Documents/pnimpra/lab3/ros2_ws/install/consecutive_numbers/share/consecutive_numbers/package.dsv'
[2.268s] INFO:colcon.colcon_core.shell:Creating package script '/home/student/Documents/pnimpra/lab3/ros2_ws/install/consecutive_numbers/share/consecutive_numbers/package.sh'
[2.268s] INFO:colcon.colcon_core.shell:Creating package script '/home/student/Documents/pnimpra/lab3/ros2_ws/install/consecutive_numbers/share/consecutive_numbers/package.bash'
[2.268s] INFO:colcon.colcon_core.shell:Creating package script '/home/student/Documents/pnimpra/lab3/ros2_ws/install/consecutive_numbers/share/consecutive_numbers/package.zsh'
[2.269s] Level 1:colcon.colcon_core.environment:create_file_with_runtime_dependencies(/home/student/Documents/pnimpra/lab3/ros2_ws/install/consecutive_numbers/share/colcon-core/packages/consecutive_numbers)
[2.269s] DEBUG:colcon.colcon_parallel_executor.executor.parallel:closing loop
[2.269s] DEBUG:colcon.colcon_parallel_executor.executor.parallel:loop closed
[2.270s] DEBUG:colcon.colcon_parallel_executor.executor.parallel:run_until_complete finished with '0'
[2.270s] DEBUG:colcon.colcon_core.event_reactor:joining thread
[2.276s] INFO:colcon.colcon_core.plugin_system:Skipping extension 'colcon_notification.desktop_notification.terminal_notifier': Not used on non-Darwin systems
[2.276s] INFO:colcon.colcon_core.plugin_system:Skipping extension 'colcon_notification.desktop_notification.win32': Not used on non-Windows systems
[2.276s] INFO:colcon.colcon_notification.desktop_notification:Sending desktop notification using 'notify2'
[2.290s] DEBUG:colcon.colcon_core.event_reactor:joined thread
[2.291s] INFO:colcon.colcon_core.shell:Creating prefix script '/home/student/Documents/pnimpra/lab3/ros2_ws/install/local_setup.ps1'
[2.292s] INFO:colcon.colcon_core.shell:Creating prefix util module '/home/student/Documents/pnimpra/lab3/ros2_ws/install/_local_setup_util_ps1.py'
[2.293s] INFO:colcon.colcon_core.shell:Creating prefix chain script '/home/student/Documents/pnimpra/lab3/ros2_ws/install/setup.ps1'
[2.295s] INFO:colcon.colcon_core.shell:Creating prefix script '/home/student/Documents/pnimpra/lab3/ros2_ws/install/local_setup.sh'
[2.296s] INFO:colcon.colcon_core.shell:Creating prefix util module '/home/student/Documents/pnimpra/lab3/ros2_ws/install/_local_setup_util_sh.py'
[2.297s] INFO:colcon.colcon_core.shell:Creating prefix chain script '/home/student/Documents/pnimpra/lab3/ros2_ws/install/setup.sh'
[2.298s] INFO:colcon.colcon_core.shell:Creating prefix script '/home/student/Documents/pnimpra/lab3/ros2_ws/install/local_setup.bash'
[2.299s] INFO:colcon.colcon_core.shell:Creating prefix chain script '/home/student/Documents/pnimpra/lab3/ros2_ws/install/setup.bash'
[2.300s] INFO:colcon.colcon_core.shell:Creating prefix script '/home/student/Documents/pnimpra/lab3/ros2_ws/install/local_setup.zsh'
[2.300s] INFO:colcon.colcon_core.shell:Creating prefix chain script '/home/student/Documents/pnimpra/lab3/ros2_ws/install/setup.zsh'
