[1.089s] Invoking command in '/home/student/Documents/pnimpra/lab3/ros2_ws/build/consecutive_numbers': PYTHONPATH=/home/student/Documents/pnimpra/lab3/ros2_ws/build/consecutive_numbers/prefix_override:/usr/lib/python3/dist-packages/colcon_core/task/python/colcon_distutils_commands:/home/student/Documents/pnimpra/lab3/ros2_ws/install/consecutive_numbers/lib/python3.10/site-packages:${PYTHONPATH} /usr/bin/python3 -W ignore:setup.py install is deprecated -W ignore:easy_install command is deprecated setup.py develop --editable --build-directory /home/student/Documents/pnimpra/lab3/ros2_ws/build/consecutive_numbers/build --no-deps symlink_data
[1.364s] running develop
[1.566s] running egg_info
[1.566s] creating consecutive_numbers.egg-info
[1.566s] writing consecutive_numbers.egg-info/PKG-INFO
[1.567s] writing dependency_links to consecutive_numbers.egg-info/dependency_links.txt
[1.567s] writing entry points to consecutive_numbers.egg-info/entry_points.txt
[1.567s] writing requirements to consecutive_numbers.egg-info/requires.txt
[1.567s] writing top-level names to consecutive_numbers.egg-info/top_level.txt
[1.567s] writing manifest file 'consecutive_numbers.egg-info/SOURCES.txt'
[1.569s] reading manifest file 'consecutive_numbers.egg-info/SOURCES.txt'
[1.570s] writing manifest file 'consecutive_numbers.egg-info/SOURCES.txt'
[1.574s] running build_ext
[1.574s] Creating /home/student/Documents/pnimpra/lab3/ros2_ws/install/consecutive_numbers/lib/python3.10/site-packages/consecutive-numbers.egg-link (link to .)
[1.574s] 
[1.574s] Installed /home/student/Documents/pnimpra/lab3/ros2_ws/build/consecutive_numbers
[1.574s] running symlink_data
[1.574s] creating /home/student/Documents/pnimpra/lab3/ros2_ws/install/consecutive_numbers/share/ament_index
[1.574s] creating /home/student/Documents/pnimpra/lab3/ros2_ws/install/consecutive_numbers/share/ament_index/resource_index
[1.574s] creating /home/student/Documents/pnimpra/lab3/ros2_ws/install/consecutive_numbers/share/ament_index/resource_index/packages
[1.574s] symbolically linking /home/student/Documents/pnimpra/lab3/ros2_ws/build/consecutive_numbers/resource/consecutive_numbers -> /home/student/Documents/pnimpra/lab3/ros2_ws/install/consecutive_numbers/share/ament_index/resource_index/packages
[1.574s] symbolically linking /home/student/Documents/pnimpra/lab3/ros2_ws/build/consecutive_numbers/package.xml -> /home/student/Documents/pnimpra/lab3/ros2_ws/install/consecutive_numbers/share/consecutive_numbers
[1.632s] Invoked command in '/home/student/Documents/pnimpra/lab3/ros2_ws/build/consecutive_numbers' returned '0': PYTHONPATH=/home/student/Documents/pnimpra/lab3/ros2_ws/build/consecutive_numbers/prefix_override:/usr/lib/python3/dist-packages/colcon_core/task/python/colcon_distutils_commands:/home/student/Documents/pnimpra/lab3/ros2_ws/install/consecutive_numbers/lib/python3.10/site-packages:${PYTHONPATH} /usr/bin/python3 -W ignore:setup.py install is deprecated -W ignore:easy_install command is deprecated setup.py develop --editable --build-directory /home/student/Documents/pnimpra/lab3/ros2_ws/build/consecutive_numbers/build --no-deps symlink_data
