[1.077s] Invoking command in '/home/student/Documents/pnimpra/lab3/ros2_ws/build/turtlesim_operations': PYTHONPATH=/home/student/Documents/pnimpra/lab3/ros2_ws/build/turtlesim_operations/prefix_override:/usr/lib/python3/dist-packages/colcon_core/task/python/colcon_distutils_commands:/home/student/Documents/pnimpra/lab3/ros2_ws/install/turtlesim_operations/lib/python3.10/site-packages:${PYTHONPATH} /usr/bin/python3 -W ignore:setup.py install is deprecated -W ignore:easy_install command is deprecated setup.py develop --editable --build-directory /home/student/Documents/pnimpra/lab3/ros2_ws/build/turtlesim_operations/build --no-deps symlink_data
[1.348s] running develop
[1.547s] running egg_info
[1.547s] creating turtlesim_operations.egg-info
[1.547s] writing turtlesim_operations.egg-info/PKG-INFO
[1.547s] writing dependency_links to turtlesim_operations.egg-info/dependency_links.txt
[1.547s] writing entry points to turtlesim_operations.egg-info/entry_points.txt
[1.548s] writing requirements to turtlesim_operations.egg-info/requires.txt
[1.548s] writing top-level names to turtlesim_operations.egg-info/top_level.txt
[1.548s] writing manifest file 'turtlesim_operations.egg-info/SOURCES.txt'
[1.549s] reading manifest file 'turtlesim_operations.egg-info/SOURCES.txt'
[1.550s] writing manifest file 'turtlesim_operations.egg-info/SOURCES.txt'
[1.552s] running build_ext
[1.554s] Creating /home/student/Documents/pnimpra/lab3/ros2_ws/install/turtlesim_operations/lib/python3.10/site-packages/turtlesim-operations.egg-link (link to .)
[1.556s] 
[1.556s] Installed /home/student/Documents/pnimpra/lab3/ros2_ws/build/turtlesim_operations
[1.556s] running symlink_data
[1.556s] creating /home/student/Documents/pnimpra/lab3/ros2_ws/install/turtlesim_operations/share/ament_index
[1.557s] creating /home/student/Documents/pnimpra/lab3/ros2_ws/install/turtlesim_operations/share/ament_index/resource_index
[1.557s] creating /home/student/Documents/pnimpra/lab3/ros2_ws/install/turtlesim_operations/share/ament_index/resource_index/packages
[1.558s] symbolically linking /home/student/Documents/pnimpra/lab3/ros2_ws/build/turtlesim_operations/resource/turtlesim_operations -> /home/student/Documents/pnimpra/lab3/ros2_ws/install/turtlesim_operations/share/ament_index/resource_index/packages
[1.558s] symbolically linking /home/student/Documents/pnimpra/lab3/ros2_ws/build/turtlesim_operations/package.xml -> /home/student/Documents/pnimpra/lab3/ros2_ws/install/turtlesim_operations/share/turtlesim_operations
[1.599s] Invoked command in '/home/student/Documents/pnimpra/lab3/ros2_ws/build/turtlesim_operations' returned '0': PYTHONPATH=/home/student/Documents/pnimpra/lab3/ros2_ws/build/turtlesim_operations/prefix_override:/usr/lib/python3/dist-packages/colcon_core/task/python/colcon_distutils_commands:/home/student/Documents/pnimpra/lab3/ros2_ws/install/turtlesim_operations/lib/python3.10/site-packages:${PYTHONPATH} /usr/bin/python3 -W ignore:setup.py install is deprecated -W ignore:easy_install command is deprecated setup.py develop --editable --build-directory /home/student/Documents/pnimpra/lab3/ros2_ws/build/turtlesim_operations/build --no-deps symlink_data
