[0.174s] DEBUG:colcon:Command line arguments: ['/usr/bin/colcon', 'list', '-p', '--base-paths', '/home/student/Documents/pnimpra/lab3/ros2_ws']
[0.174s] DEBUG:colcon:Parsed command line arguments: Namespace(log_base=None, log_level=None, verb_name='list', build_base='build', ignore_user_meta=False, metas=['./colcon.meta'], base_paths=['/home/student/Documents/pnimpra/lab3/ros2_ws'], packages_ignore=None, packages_ignore_regex=None, paths=None, packages_up_to=None, packages_up_to_regex=None, packages_above=None, packages_above_and_dependencies=None, packages_above_depth=None, packages_select_by_dep=None, packages_skip_by_dep=None, packages_skip_up_to=None, packages_select_build_failed=False, packages_skip_build_finished=False, packages_select_test_failures=False, packages_skip_test_passed=False, packages_select=None, packages_skip=None, packages_select_regex=None, packages_skip_regex=None, packages_start=None, packages_end=None, allow_overriding=[], topological_order=False, names_only=False, paths_only=True, topological_graph=False, topological_graph_dot=False, topological_graph_density=False, topological_graph_legend=False, topological_graph_dot_cluster=False, topological_graph_dot_include_skipped=False, verb_parser=<colcon_defaults.argument_parser.defaults.DefaultArgumentsDecorator object at 0x7e8005c5eaa0>, verb_extension=<colcon_package_information.verb.list.ListVerb object at 0x7e8005d67610>, main=<bound method ListVerb.main of <colcon_package_information.verb.list.ListVerb object at 0x7e8005d67610>>)
[0.592s] Level 1:colcon.colcon_core.package_discovery:discover_packages(colcon_meta) check parameters
[0.592s] Level 1:colcon.colcon_core.package_discovery:discover_packages(recursive) check parameters
[0.592s] Level 1:colcon.colcon_core.package_discovery:discover_packages(ignore) check parameters
[0.593s] Level 1:colcon.colcon_core.package_discovery:discover_packages(path) check parameters
[0.593s] Level 1:colcon.colcon_core.package_discovery:discover_packages(recursive) discover
[0.593s] INFO:colcon.colcon_core.package_discovery:Crawling recursively for packages in '/home/student/Documents/pnimpra/lab3/ros2_ws'
[0.593s] Level 1:colcon.colcon_core.package_identification:_identify(/home/student/Documents/pnimpra/lab3/ros2_ws) by extensions ['ignore', 'ignore_ament_install']
[0.593s] Level 1:colcon.colcon_core.package_identification:_identify(/home/student/Documents/pnimpra/lab3/ros2_ws) by extension 'ignore'
[0.593s] Level 1:colcon.colcon_core.package_identification:_identify(/home/student/Documents/pnimpra/lab3/ros2_ws) by extension 'ignore_ament_install'
[0.593s] Level 1:colcon.colcon_core.package_identification:_identify(/home/student/Documents/pnimpra/lab3/ros2_ws) by extensions ['colcon_pkg']
[0.593s] Level 1:colcon.colcon_core.package_identification:_identify(/home/student/Documents/pnimpra/lab3/ros2_ws) by extension 'colcon_pkg'
[0.594s] Level 1:colcon.colcon_core.package_identification:_identify(/home/student/Documents/pnimpra/lab3/ros2_ws) by extensions ['colcon_meta']
[0.594s] Level 1:colcon.colcon_core.package_identification:_identify(/home/student/Documents/pnimpra/lab3/ros2_ws) by extension 'colcon_meta'
[0.594s] Level 1:colcon.colcon_core.package_identification:_identify(/home/student/Documents/pnimpra/lab3/ros2_ws) by extensions ['ros']
[0.594s] Level 1:colcon.colcon_core.package_identification:_identify(/home/student/Documents/pnimpra/lab3/ros2_ws) by extension 'ros'
[0.607s] Level 1:colcon.colcon_core.package_identification:_identify(/home/student/Documents/pnimpra/lab3/ros2_ws) by extensions ['cmake', 'python']
[0.607s] Level 1:colcon.colcon_core.package_identification:_identify(/home/student/Documents/pnimpra/lab3/ros2_ws) by extension 'cmake'
[0.607s] Level 1:colcon.colcon_core.package_identification:_identify(/home/student/Documents/pnimpra/lab3/ros2_ws) by extension 'python'
[0.607s] Level 1:colcon.colcon_core.package_identification:_identify(/home/student/Documents/pnimpra/lab3/ros2_ws) by extensions ['python_setup_py']
[0.607s] Level 1:colcon.colcon_core.package_identification:_identify(/home/student/Documents/pnimpra/lab3/ros2_ws) by extension 'python_setup_py'
[0.608s] Level 1:colcon.colcon_core.package_identification:_identify(/home/student/Documents/pnimpra/lab3/ros2_ws/bin) by extensions ['ignore', 'ignore_ament_install']
[0.608s] Level 1:colcon.colcon_core.package_identification:_identify(/home/student/Documents/pnimpra/lab3/ros2_ws/bin) by extension 'ignore'
[0.608s] Level 1:colcon.colcon_core.package_identification:_identify(/home/student/Documents/pnimpra/lab3/ros2_ws/bin) by extension 'ignore_ament_install'
[0.608s] Level 1:colcon.colcon_core.package_identification:_identify(/home/student/Documents/pnimpra/lab3/ros2_ws/bin) by extensions ['colcon_pkg']
[0.608s] Level 1:colcon.colcon_core.package_identification:_identify(/home/student/Documents/pnimpra/lab3/ros2_ws/bin) by extension 'colcon_pkg'
[0.608s] Level 1:colcon.colcon_core.package_identification:_identify(/home/student/Documents/pnimpra/lab3/ros2_ws/bin) by extensions ['colcon_meta']
[0.608s] Level 1:colcon.colcon_core.package_identification:_identify(/home/student/Documents/pnimpra/lab3/ros2_ws/bin) by extension 'colcon_meta'
[0.608s] Level 1:colcon.colcon_core.package_identification:_identify(/home/student/Documents/pnimpra/lab3/ros2_ws/bin) by extensions ['ros']
[0.608s] Level 1:colcon.colcon_core.package_identification:_identify(/home/student/Documents/pnimpra/lab3/ros2_ws/bin) by extension 'ros'
[0.608s] Level 1:colcon.colcon_core.package_identification:_identify(/home/student/Documents/pnimpra/lab3/ros2_ws/bin) by extensions ['cmake', 'python']
[0.608s] Level 1:colcon.colcon_core.package_identification:_identify(/home/student/Documents/pnimpra/lab3/ros2_ws/bin) by extension 'cmake'
[0.609s] Level 1:colcon.colcon_core.package_identification:_identify(/home/student/Documents/pnimpra/lab3/ros2_ws/bin) by extension 'python'
[0.609s] Level 1:colcon.colcon_core.package_identification:_identify(/home/student/Documents/pnimpra/lab3/ros2_ws/bin) by extensions ['python_setup_py']
[0.609s] Level 1:colcon.colcon_core.package_identification:_identify(/home/student/Documents/pnimpra/lab3/ros2_ws/bin) by extension 'python_setup_py'
[0.609s] Level 1:colcon.colcon_core.package_identification:_identify(/home/student/Documents/pnimpra/lab3/ros2_ws/build) by extensions ['ignore', 'ignore_ament_install']
[0.609s] Level 1:colcon.colcon_core.package_identification:_identify(/home/student/Documents/pnimpra/lab3/ros2_ws/build) by extension 'ignore'
[0.609s] Level 1:colcon.colcon_core.package_identification:_identify(/home/student/Documents/pnimpra/lab3/ros2_ws/build) ignored
[0.610s] Level 1:colcon.colcon_core.package_identification:_identify(/home/student/Documents/pnimpra/lab3/ros2_ws/install) by extensions ['ignore', 'ignore_ament_install']
[0.610s] Level 1:colcon.colcon_core.package_identification:_identify(/home/student/Documents/pnimpra/lab3/ros2_ws/install) by extension 'ignore'
[0.610s] Level 1:colcon.colcon_core.package_identification:_identify(/home/student/Documents/pnimpra/lab3/ros2_ws/install) ignored
[0.610s] Level 1:colcon.colcon_core.package_identification:_identify(/home/student/Documents/pnimpra/lab3/ros2_ws/log) by extensions ['ignore', 'ignore_ament_install']
[0.610s] Level 1:colcon.colcon_core.package_identification:_identify(/home/student/Documents/pnimpra/lab3/ros2_ws/log) by extension 'ignore'
[0.610s] Level 1:colcon.colcon_core.package_identification:_identify(/home/student/Documents/pnimpra/lab3/ros2_ws/log) ignored
[0.611s] Level 1:colcon.colcon_core.package_identification:_identify(/home/student/Documents/pnimpra/lab3/ros2_ws/src) by extensions ['ignore', 'ignore_ament_install']
[0.611s] Level 1:colcon.colcon_core.package_identification:_identify(/home/student/Documents/pnimpra/lab3/ros2_ws/src) by extension 'ignore'
[0.611s] Level 1:colcon.colcon_core.package_identification:_identify(/home/student/Documents/pnimpra/lab3/ros2_ws/src) by extension 'ignore_ament_install'
[0.611s] Level 1:colcon.colcon_core.package_identification:_identify(/home/student/Documents/pnimpra/lab3/ros2_ws/src) by extensions ['colcon_pkg']
[0.611s] Level 1:colcon.colcon_core.package_identification:_identify(/home/student/Documents/pnimpra/lab3/ros2_ws/src) by extension 'colcon_pkg'
[0.611s] Level 1:colcon.colcon_core.package_identification:_identify(/home/student/Documents/pnimpra/lab3/ros2_ws/src) by extensions ['colcon_meta']
[0.611s] Level 1:colcon.colcon_core.package_identification:_identify(/home/student/Documents/pnimpra/lab3/ros2_ws/src) by extension 'colcon_meta'
[0.611s] Level 1:colcon.colcon_core.package_identification:_identify(/home/student/Documents/pnimpra/lab3/ros2_ws/src) by extensions ['ros']
[0.611s] Level 1:colcon.colcon_core.package_identification:_identify(/home/student/Documents/pnimpra/lab3/ros2_ws/src) by extension 'ros'
[0.611s] Level 1:colcon.colcon_core.package_identification:_identify(/home/student/Documents/pnimpra/lab3/ros2_ws/src) by extensions ['cmake', 'python']
[0.611s] Level 1:colcon.colcon_core.package_identification:_identify(/home/student/Documents/pnimpra/lab3/ros2_ws/src) by extension 'cmake'
[0.611s] Level 1:colcon.colcon_core.package_identification:_identify(/home/student/Documents/pnimpra/lab3/ros2_ws/src) by extension 'python'
[0.611s] Level 1:colcon.colcon_core.package_identification:_identify(/home/student/Documents/pnimpra/lab3/ros2_ws/src) by extensions ['python_setup_py']
[0.611s] Level 1:colcon.colcon_core.package_identification:_identify(/home/student/Documents/pnimpra/lab3/ros2_ws/src) by extension 'python_setup_py'
[0.611s] Level 1:colcon.colcon_core.package_identification:_identify(/home/student/Documents/pnimpra/lab3/ros2_ws/src/pnimpra_ros_introduction) by extensions ['ignore', 'ignore_ament_install']
[0.611s] Level 1:colcon.colcon_core.package_identification:_identify(/home/student/Documents/pnimpra/lab3/ros2_ws/src/pnimpra_ros_introduction) by extension 'ignore'
[0.612s] Level 1:colcon.colcon_core.package_identification:_identify(/home/student/Documents/pnimpra/lab3/ros2_ws/src/pnimpra_ros_introduction) by extension 'ignore_ament_install'
[0.612s] Level 1:colcon.colcon_core.package_identification:_identify(/home/student/Documents/pnimpra/lab3/ros2_ws/src/pnimpra_ros_introduction) by extensions ['colcon_pkg']
[0.612s] Level 1:colcon.colcon_core.package_identification:_identify(/home/student/Documents/pnimpra/lab3/ros2_ws/src/pnimpra_ros_introduction) by extension 'colcon_pkg'
[0.612s] Level 1:colcon.colcon_core.package_identification:_identify(/home/student/Documents/pnimpra/lab3/ros2_ws/src/pnimpra_ros_introduction) by extensions ['colcon_meta']
[0.612s] Level 1:colcon.colcon_core.package_identification:_identify(/home/student/Documents/pnimpra/lab3/ros2_ws/src/pnimpra_ros_introduction) by extension 'colcon_meta'
[0.612s] Level 1:colcon.colcon_core.package_identification:_identify(/home/student/Documents/pnimpra/lab3/ros2_ws/src/pnimpra_ros_introduction) by extensions ['ros']
[0.612s] Level 1:colcon.colcon_core.package_identification:_identify(/home/student/Documents/pnimpra/lab3/ros2_ws/src/pnimpra_ros_introduction) by extension 'ros'
[0.612s] Level 1:colcon.colcon_core.package_identification:_identify(/home/student/Documents/pnimpra/lab3/ros2_ws/src/pnimpra_ros_introduction) by extensions ['cmake', 'python']
[0.612s] Level 1:colcon.colcon_core.package_identification:_identify(/home/student/Documents/pnimpra/lab3/ros2_ws/src/pnimpra_ros_introduction) by extension 'cmake'
[0.612s] Level 1:colcon.colcon_core.package_identification:_identify(/home/student/Documents/pnimpra/lab3/ros2_ws/src/pnimpra_ros_introduction) by extension 'python'
[0.612s] Level 1:colcon.colcon_core.package_identification:_identify(/home/student/Documents/pnimpra/lab3/ros2_ws/src/pnimpra_ros_introduction) by extensions ['python_setup_py']
[0.612s] Level 1:colcon.colcon_core.package_identification:_identify(/home/student/Documents/pnimpra/lab3/ros2_ws/src/pnimpra_ros_introduction) by extension 'python_setup_py'
[0.612s] Level 1:colcon.colcon_core.package_identification:_identify(/home/student/Documents/pnimpra/lab3/ros2_ws/src/pnimpra_ros_introduction/consecutive_numbers) by extensions ['ignore', 'ignore_ament_install']
[0.612s] Level 1:colcon.colcon_core.package_identification:_identify(/home/student/Documents/pnimpra/lab3/ros2_ws/src/pnimpra_ros_introduction/consecutive_numbers) by extension 'ignore'
[0.612s] Level 1:colcon.colcon_core.package_identification:_identify(/home/student/Documents/pnimpra/lab3/ros2_ws/src/pnimpra_ros_introduction/consecutive_numbers) by extension 'ignore_ament_install'
[0.612s] Level 1:colcon.colcon_core.package_identification:_identify(/home/student/Documents/pnimpra/lab3/ros2_ws/src/pnimpra_ros_introduction/consecutive_numbers) by extensions ['colcon_pkg']
[0.612s] Level 1:colcon.colcon_core.package_identification:_identify(/home/student/Documents/pnimpra/lab3/ros2_ws/src/pnimpra_ros_introduction/consecutive_numbers) by extension 'colcon_pkg'
[0.612s] Level 1:colcon.colcon_core.package_identification:_identify(/home/student/Documents/pnimpra/lab3/ros2_ws/src/pnimpra_ros_introduction/consecutive_numbers) by extensions ['colcon_meta']
[0.612s] Level 1:colcon.colcon_core.package_identification:_identify(/home/student/Documents/pnimpra/lab3/ros2_ws/src/pnimpra_ros_introduction/consecutive_numbers) by extension 'colcon_meta'
[0.613s] Level 1:colcon.colcon_core.package_identification:_identify(/home/student/Documents/pnimpra/lab3/ros2_ws/src/pnimpra_ros_introduction/consecutive_numbers) by extensions ['ros']
[0.613s] Level 1:colcon.colcon_core.package_identification:_identify(/home/student/Documents/pnimpra/lab3/ros2_ws/src/pnimpra_ros_introduction/consecutive_numbers) by extension 'ros'
[0.615s] DEBUG:colcon.colcon_core.package_identification:Package '/home/student/Documents/pnimpra/lab3/ros2_ws/src/pnimpra_ros_introduction/consecutive_numbers' with type 'ros.ament_python' and name 'consecutive_numbers'
[0.617s] Level 1:colcon.colcon_core.package_identification:_identify(/home/student/Documents/pnimpra/lab3/ros2_ws/src/pnimpra_ros_introduction/turtlesim_operations) by extensions ['ignore', 'ignore_ament_install']
[0.619s] Level 1:colcon.colcon_core.package_identification:_identify(/home/student/Documents/pnimpra/lab3/ros2_ws/src/pnimpra_ros_introduction/turtlesim_operations) by extension 'ignore'
[0.620s] Level 1:colcon.colcon_core.package_identification:_identify(/home/student/Documents/pnimpra/lab3/ros2_ws/src/pnimpra_ros_introduction/turtlesim_operations) by extension 'ignore_ament_install'
[0.621s] Level 1:colcon.colcon_core.package_identification:_identify(/home/student/Documents/pnimpra/lab3/ros2_ws/src/pnimpra_ros_introduction/turtlesim_operations) by extensions ['colcon_pkg']
[0.622s] Level 1:colcon.colcon_core.package_identification:_identify(/home/student/Documents/pnimpra/lab3/ros2_ws/src/pnimpra_ros_introduction/turtlesim_operations) by extension 'colcon_pkg'
[0.622s] Level 1:colcon.colcon_core.package_identification:_identify(/home/student/Documents/pnimpra/lab3/ros2_ws/src/pnimpra_ros_introduction/turtlesim_operations) by extensions ['colcon_meta']
[0.622s] Level 1:colcon.colcon_core.package_identification:_identify(/home/student/Documents/pnimpra/lab3/ros2_ws/src/pnimpra_ros_introduction/turtlesim_operations) by extension 'colcon_meta'
[0.622s] Level 1:colcon.colcon_core.package_identification:_identify(/home/student/Documents/pnimpra/lab3/ros2_ws/src/pnimpra_ros_introduction/turtlesim_operations) by extensions ['ros']
[0.622s] Level 1:colcon.colcon_core.package_identification:_identify(/home/student/Documents/pnimpra/lab3/ros2_ws/src/pnimpra_ros_introduction/turtlesim_operations) by extension 'ros'
[0.623s] DEBUG:colcon.colcon_core.package_identification:Package '/home/student/Documents/pnimpra/lab3/ros2_ws/src/pnimpra_ros_introduction/turtlesim_operations' with type 'ros.ament_python' and name 'turtlesim_operations'
[0.623s] Level 1:colcon.colcon_core.package_discovery:discover_packages(recursive) using defaults
