[0.120s] DEBUG:colcon:Command line arguments: ['/usr/bin/colcon', 'build', '--symlink-install']
[0.121s] DEBUG:colcon:Parsed command line arguments: Namespace(log_base=None, log_level=None, verb_name='build', build_base='build', install_base='install', merge_install=False, symlink_install=True, test_result_base=None, continue_on_error=False, executor='parallel', parallel_workers=4, event_handlers=None, ignore_user_meta=False, metas=['./colcon.meta'], base_paths=['.'], packages_ignore=None, packages_ignore_regex=None, paths=None, packages_up_to=None, packages_up_to_regex=None, packages_above=None, packages_above_and_dependencies=None, packages_above_depth=None, packages_select_by_dep=None, packages_skip_by_dep=None, packages_skip_up_to=None, packages_select_build_failed=False, packages_skip_build_finished=False, packages_select_test_failures=False, packages_skip_test_passed=False, packages_select=None, packages_skip=None, packages_select_regex=None, packages_skip_regex=None, packages_start=None, packages_end=None, allow_overriding=[], cmake_args=None, cmake_target=None, cmake_target_skip_unavailable=False, cmake_clean_cache=False, cmake_clean_first=False, cmake_force_configure=False, ament_cmake_args=None, catkin_cmake_args=None, catkin_skip_building_tests=False, verb_parser=<colcon_defaults.argument_parser.defaults.DefaultArgumentsDecorator object at 0x7bfea9b52800>, verb_extension=<colcon_core.verb.build.BuildVerb object at 0x7bfea9ccf5e0>, main=<bound method BuildVerb.main of <colcon_core.verb.build.BuildVerb object at 0x7bfea9ccf5e0>>)
[0.319s] Level 1:colcon.colcon_core.package_discovery:discover_packages(colcon_meta) check parameters
[0.319s] Level 1:colcon.colcon_core.package_discovery:discover_packages(recursive) check parameters
[0.319s] Level 1:colcon.colcon_core.package_discovery:discover_packages(ignore) check parameters
[0.319s] Level 1:colcon.colcon_core.package_discovery:discover_packages(path) check parameters
[0.319s] Level 1:colcon.colcon_core.package_discovery:discover_packages(colcon_meta) discover
[0.319s] Level 1:colcon.colcon_core.package_discovery:discover_packages(recursive) discover
[0.319s] INFO:colcon.colcon_core.package_discovery:Crawling recursively for packages in '/home/student/Documents/pnimpra/lab3/ros2_ws'
[0.320s] Level 1:colcon.colcon_core.package_identification:_identify(.) by extensions ['ignore', 'ignore_ament_install']
[0.320s] Level 1:colcon.colcon_core.package_identification:_identify(.) by extension 'ignore'
[0.320s] Level 1:colcon.colcon_core.package_identification:_identify(.) by extension 'ignore_ament_install'
[0.320s] Level 1:colcon.colcon_core.package_identification:_identify(.) by extensions ['colcon_pkg']
[0.320s] Level 1:colcon.colcon_core.package_identification:_identify(.) by extension 'colcon_pkg'
[0.320s] Level 1:colcon.colcon_core.package_identification:_identify(.) by extensions ['colcon_meta']
[0.320s] Level 1:colcon.colcon_core.package_identification:_identify(.) by extension 'colcon_meta'
[0.320s] Level 1:colcon.colcon_core.package_identification:_identify(.) by extensions ['ros']
[0.320s] Level 1:colcon.colcon_core.package_identification:_identify(.) by extension 'ros'
[0.330s] Level 1:colcon.colcon_core.package_identification:_identify(.) by extensions ['cmake', 'python']
[0.330s] Level 1:colcon.colcon_core.package_identification:_identify(.) by extension 'cmake'
[0.331s] Level 1:colcon.colcon_core.package_identification:_identify(.) by extension 'python'
[0.331s] Level 1:colcon.colcon_core.package_identification:_identify(.) by extensions ['python_setup_py']
[0.331s] Level 1:colcon.colcon_core.package_identification:_identify(.) by extension 'python_setup_py'
[0.331s] Level 1:colcon.colcon_core.package_identification:_identify(bin) by extensions ['ignore', 'ignore_ament_install']
[0.331s] Level 1:colcon.colcon_core.package_identification:_identify(bin) by extension 'ignore'
[0.331s] Level 1:colcon.colcon_core.package_identification:_identify(bin) by extension 'ignore_ament_install'
[0.331s] Level 1:colcon.colcon_core.package_identification:_identify(bin) by extensions ['colcon_pkg']
[0.331s] Level 1:colcon.colcon_core.package_identification:_identify(bin) by extension 'colcon_pkg'
[0.331s] Level 1:colcon.colcon_core.package_identification:_identify(bin) by extensions ['colcon_meta']
[0.331s] Level 1:colcon.colcon_core.package_identification:_identify(bin) by extension 'colcon_meta'
[0.331s] Level 1:colcon.colcon_core.package_identification:_identify(bin) by extensions ['ros']
[0.331s] Level 1:colcon.colcon_core.package_identification:_identify(bin) by extension 'ros'
[0.331s] Level 1:colcon.colcon_core.package_identification:_identify(bin) by extensions ['cmake', 'python']
[0.331s] Level 1:colcon.colcon_core.package_identification:_identify(bin) by extension 'cmake'
[0.331s] Level 1:colcon.colcon_core.package_identification:_identify(bin) by extension 'python'
[0.331s] Level 1:colcon.colcon_core.package_identification:_identify(bin) by extensions ['python_setup_py']
[0.331s] Level 1:colcon.colcon_core.package_identification:_identify(bin) by extension 'python_setup_py'
[0.331s] Level 1:colcon.colcon_core.package_identification:_identify(build) by extensions ['ignore', 'ignore_ament_install']
[0.332s] Level 1:colcon.colcon_core.package_identification:_identify(build) by extension 'ignore'
[0.332s] Level 1:colcon.colcon_core.package_identification:_identify(build) ignored
[0.332s] Level 1:colcon.colcon_core.package_identification:_identify(install) by extensions ['ignore', 'ignore_ament_install']
[0.332s] Level 1:colcon.colcon_core.package_identification:_identify(install) by extension 'ignore'
[0.332s] Level 1:colcon.colcon_core.package_identification:_identify(install) ignored
[0.332s] Level 1:colcon.colcon_core.package_identification:_identify(log) by extensions ['ignore', 'ignore_ament_install']
[0.332s] Level 1:colcon.colcon_core.package_identification:_identify(log) by extension 'ignore'
[0.332s] Level 1:colcon.colcon_core.package_identification:_identify(log) ignored
[0.332s] Level 1:colcon.colcon_core.package_identification:_identify(src) by extensions ['ignore', 'ignore_ament_install']
[0.332s] Level 1:colcon.colcon_core.package_identification:_identify(src) by extension 'ignore'
[0.332s] Level 1:colcon.colcon_core.package_identification:_identify(src) by extension 'ignore_ament_install'
[0.332s] Level 1:colcon.colcon_core.package_identification:_identify(src) by extensions ['colcon_pkg']
[0.332s] Level 1:colcon.colcon_core.package_identification:_identify(src) by extension 'colcon_pkg'
[0.332s] Level 1:colcon.colcon_core.package_identification:_identify(src) by extensions ['colcon_meta']
[0.333s] Level 1:colcon.colcon_core.package_identification:_identify(src) by extension 'colcon_meta'
[0.333s] Level 1:colcon.colcon_core.package_identification:_identify(src) by extensions ['ros']
[0.333s] Level 1:colcon.colcon_core.package_identification:_identify(src) by extension 'ros'
[0.333s] Level 1:colcon.colcon_core.package_identification:_identify(src) by extensions ['cmake', 'python']
[0.333s] Level 1:colcon.colcon_core.package_identification:_identify(src) by extension 'cmake'
[0.333s] Level 1:colcon.colcon_core.package_identification:_identify(src) by extension 'python'
[0.333s] Level 1:colcon.colcon_core.package_identification:_identify(src) by extensions ['python_setup_py']
[0.333s] Level 1:colcon.colcon_core.package_identification:_identify(src) by extension 'python_setup_py'
[0.333s] Level 1:colcon.colcon_core.package_identification:_identify(src/pnimpra_ros_introduction) by extensions ['ignore', 'ignore_ament_install']
[0.333s] Level 1:colcon.colcon_core.package_identification:_identify(src/pnimpra_ros_introduction) by extension 'ignore'
[0.333s] Level 1:colcon.colcon_core.package_identification:_identify(src/pnimpra_ros_introduction) by extension 'ignore_ament_install'
[0.333s] Level 1:colcon.colcon_core.package_identification:_identify(src/pnimpra_ros_introduction) by extensions ['colcon_pkg']
[0.333s] Level 1:colcon.colcon_core.package_identification:_identify(src/pnimpra_ros_introduction) by extension 'colcon_pkg'
[0.333s] Level 1:colcon.colcon_core.package_identification:_identify(src/pnimpra_ros_introduction) by extensions ['colcon_meta']
[0.333s] Level 1:colcon.colcon_core.package_identification:_identify(src/pnimpra_ros_introduction) by extension 'colcon_meta'
[0.333s] Level 1:colcon.colcon_core.package_identification:_identify(src/pnimpra_ros_introduction) by extensions ['ros']
[0.333s] Level 1:colcon.colcon_core.package_identification:_identify(src/pnimpra_ros_introduction) by extension 'ros'
[0.333s] Level 1:colcon.colcon_core.package_identification:_identify(src/pnimpra_ros_introduction) by extensions ['cmake', 'python']
[0.333s] Level 1:colcon.colcon_core.package_identification:_identify(src/pnimpra_ros_introduction) by extension 'cmake'
[0.333s] Level 1:colcon.colcon_core.package_identification:_identify(src/pnimpra_ros_introduction) by extension 'python'
[0.334s] Level 1:colcon.colcon_core.package_identification:_identify(src/pnimpra_ros_introduction) by extensions ['python_setup_py']
[0.334s] Level 1:colcon.colcon_core.package_identification:_identify(src/pnimpra_ros_introduction) by extension 'python_setup_py'
[0.334s] Level 1:colcon.colcon_core.package_identification:_identify(src/pnimpra_ros_introduction/consecutive_numbers) by extensions ['ignore', 'ignore_ament_install']
[0.334s] Level 1:colcon.colcon_core.package_identification:_identify(src/pnimpra_ros_introduction/consecutive_numbers) by extension 'ignore'
[0.334s] Level 1:colcon.colcon_core.package_identification:_identify(src/pnimpra_ros_introduction/consecutive_numbers) by extension 'ignore_ament_install'
[0.334s] Level 1:colcon.colcon_core.package_identification:_identify(src/pnimpra_ros_introduction/consecutive_numbers) by extensions ['colcon_pkg']
[0.334s] Level 1:colcon.colcon_core.package_identification:_identify(src/pnimpra_ros_introduction/consecutive_numbers) by extension 'colcon_pkg'
[0.334s] Level 1:colcon.colcon_core.package_identification:_identify(src/pnimpra_ros_introduction/consecutive_numbers) by extensions ['colcon_meta']
[0.334s] Level 1:colcon.colcon_core.package_identification:_identify(src/pnimpra_ros_introduction/consecutive_numbers) by extension 'colcon_meta'
[0.334s] Level 1:colcon.colcon_core.package_identification:_identify(src/pnimpra_ros_introduction/consecutive_numbers) by extensions ['ros']
[0.334s] Level 1:colcon.colcon_core.package_identification:_identify(src/pnimpra_ros_introduction/consecutive_numbers) by extension 'ros'
[0.337s] DEBUG:colcon.colcon_core.package_identification:Package 'src/pnimpra_ros_introduction/consecutive_numbers' with type 'ros.ament_python' and name 'consecutive_numbers'
[0.337s] Level 1:colcon.colcon_core.package_identification:_identify(src/pnimpra_ros_introduction/turtlesim_operations) by extensions ['ignore', 'ignore_ament_install']
[0.337s] Level 1:colcon.colcon_core.package_identification:_identify(src/pnimpra_ros_introduction/turtlesim_operations) by extension 'ignore'
[0.337s] Level 1:colcon.colcon_core.package_identification:_identify(src/pnimpra_ros_introduction/turtlesim_operations) by extension 'ignore_ament_install'
[0.337s] Level 1:colcon.colcon_core.package_identification:_identify(src/pnimpra_ros_introduction/turtlesim_operations) by extensions ['colcon_pkg']
[0.337s] Level 1:colcon.colcon_core.package_identification:_identify(src/pnimpra_ros_introduction/turtlesim_operations) by extension 'colcon_pkg'
[0.337s] Level 1:colcon.colcon_core.package_identification:_identify(src/pnimpra_ros_introduction/turtlesim_operations) by extensions ['colcon_meta']
[0.337s] Level 1:colcon.colcon_core.package_identification:_identify(src/pnimpra_ros_introduction/turtlesim_operations) by extension 'colcon_meta'
[0.337s] Level 1:colcon.colcon_core.package_identification:_identify(src/pnimpra_ros_introduction/turtlesim_operations) by extensions ['ros']
[0.337s] Level 1:colcon.colcon_core.package_identification:_identify(src/pnimpra_ros_introduction/turtlesim_operations) by extension 'ros'
[0.338s] DEBUG:colcon.colcon_core.package_identification:Package 'src/pnimpra_ros_introduction/turtlesim_operations' with type 'ros.ament_python' and name 'turtlesim_operations'
[0.338s] Level 1:colcon.colcon_core.package_identification:_identify(src/pub_and_sub) by extensions ['ignore', 'ignore_ament_install']
[0.338s] Level 1:colcon.colcon_core.package_identification:_identify(src/pub_and_sub) by extension 'ignore'
[0.338s] Level 1:colcon.colcon_core.package_identification:_identify(src/pub_and_sub) by extension 'ignore_ament_install'
[0.338s] Level 1:colcon.colcon_core.package_identification:_identify(src/pub_and_sub) by extensions ['colcon_pkg']
[0.338s] Level 1:colcon.colcon_core.package_identification:_identify(src/pub_and_sub) by extension 'colcon_pkg'
[0.338s] Level 1:colcon.colcon_core.package_identification:_identify(src/pub_and_sub) by extensions ['colcon_meta']
[0.338s] Level 1:colcon.colcon_core.package_identification:_identify(src/pub_and_sub) by extension 'colcon_meta'
[0.338s] Level 1:colcon.colcon_core.package_identification:_identify(src/pub_and_sub) by extensions ['ros']
[0.338s] Level 1:colcon.colcon_core.package_identification:_identify(src/pub_and_sub) by extension 'ros'
[0.339s] DEBUG:colcon.colcon_core.package_identification:Package 'src/pub_and_sub' with type 'ros.ament_python' and name 'pub_and_sub'
[0.339s] Level 1:colcon.colcon_core.package_discovery:discover_packages(recursive) using defaults
[0.339s] Level 1:colcon.colcon_core.package_discovery:discover_packages(ignore) discover
[0.339s] Level 1:colcon.colcon_core.package_discovery:discover_packages(ignore) using defaults
[0.339s] Level 1:colcon.colcon_core.package_discovery:discover_packages(path) discover
[0.339s] Level 1:colcon.colcon_core.package_discovery:discover_packages(path) using defaults
[0.368s] Level 1:colcon.colcon_core.package_discovery:discover_packages(prefix_path) check parameters
[0.368s] Level 1:colcon.colcon_core.package_discovery:discover_packages(prefix_path) discover
[0.370s] DEBUG:colcon.colcon_installed_package_information.package_discovery:Found 3 installed packages in /home/student/Documents/pnimpra/lab3/ros2_ws/install
[0.372s] DEBUG:colcon.colcon_installed_package_information.package_discovery:Found 456 installed packages in /opt/ros/humble
[0.374s] Level 1:colcon.colcon_core.package_discovery:discover_packages(prefix_path) using defaults
[0.429s] Level 5:colcon.colcon_core.verb:set package 'consecutive_numbers' build argument 'cmake_args' from command line to 'None'
[0.429s] Level 5:colcon.colcon_core.verb:set package 'consecutive_numbers' build argument 'cmake_target' from command line to 'None'
[0.429s] Level 5:colcon.colcon_core.verb:set package 'consecutive_numbers' build argument 'cmake_target_skip_unavailable' from command line to 'False'
[0.429s] Level 5:colcon.colcon_core.verb:set package 'consecutive_numbers' build argument 'cmake_clean_cache' from command line to 'False'
[0.429s] Level 5:colcon.colcon_core.verb:set package 'consecutive_numbers' build argument 'cmake_clean_first' from command line to 'False'
[0.429s] Level 5:colcon.colcon_core.verb:set package 'consecutive_numbers' build argument 'cmake_force_configure' from command line to 'False'
[0.429s] Level 5:colcon.colcon_core.verb:set package 'consecutive_numbers' build argument 'ament_cmake_args' from command line to 'None'
[0.430s] Level 5:colcon.colcon_core.verb:set package 'consecutive_numbers' build argument 'catkin_cmake_args' from command line to 'None'
[0.430s] Level 5:colcon.colcon_core.verb:set package 'consecutive_numbers' build argument 'catkin_skip_building_tests' from command line to 'False'
[0.430s] DEBUG:colcon.colcon_core.verb:Building package 'consecutive_numbers' with the following arguments: {'ament_cmake_args': None, 'build_base': '/home/student/Documents/pnimpra/lab3/ros2_ws/build/consecutive_numbers', 'catkin_cmake_args': None, 'catkin_skip_building_tests': False, 'cmake_args': None, 'cmake_clean_cache': False, 'cmake_clean_first': False, 'cmake_force_configure': False, 'cmake_target': None, 'cmake_target_skip_unavailable': False, 'install_base': '/home/student/Documents/pnimpra/lab3/ros2_ws/install/consecutive_numbers', 'merge_install': False, 'path': '/home/student/Documents/pnimpra/lab3/ros2_ws/src/pnimpra_ros_introduction/consecutive_numbers', 'symlink_install': True, 'test_result_base': None}
[0.430s] Level 5:colcon.colcon_core.verb:set package 'pub_and_sub' build argument 'cmake_args' from command line to 'None'
[0.430s] Level 5:colcon.colcon_core.verb:set package 'pub_and_sub' build argument 'cmake_target' from command line to 'None'
[0.430s] Level 5:colcon.colcon_core.verb:set package 'pub_and_sub' build argument 'cmake_target_skip_unavailable' from command line to 'False'
[0.430s] Level 5:colcon.colcon_core.verb:set package 'pub_and_sub' build argument 'cmake_clean_cache' from command line to 'False'
[0.430s] Level 5:colcon.colcon_core.verb:set package 'pub_and_sub' build argument 'cmake_clean_first' from command line to 'False'
[0.430s] Level 5:colcon.colcon_core.verb:set package 'pub_and_sub' build argument 'cmake_force_configure' from command line to 'False'
[0.430s] Level 5:colcon.colcon_core.verb:set package 'pub_and_sub' build argument 'ament_cmake_args' from command line to 'None'
[0.430s] Level 5:colcon.colcon_core.verb:set package 'pub_and_sub' build argument 'catkin_cmake_args' from command line to 'None'
[0.430s] Level 5:colcon.colcon_core.verb:set package 'pub_and_sub' build argument 'catkin_skip_building_tests' from command line to 'False'
[0.430s] DEBUG:colcon.colcon_core.verb:Building package 'pub_and_sub' with the following arguments: {'ament_cmake_args': None, 'build_base': '/home/student/Documents/pnimpra/lab3/ros2_ws/build/pub_and_sub', 'catkin_cmake_args': None, 'catkin_skip_building_tests': False, 'cmake_args': None, 'cmake_clean_cache': False, 'cmake_clean_first': False, 'cmake_force_configure': False, 'cmake_target': None, 'cmake_target_skip_unavailable': False, 'install_base': '/home/student/Documents/pnimpra/lab3/ros2_ws/install/pub_and_sub', 'merge_install': False, 'path': '/home/student/Documents/pnimpra/lab3/ros2_ws/src/pub_and_sub', 'symlink_install': True, 'test_result_base': None}
[0.431s] Level 5:colcon.colcon_core.verb:set package 'turtlesim_operations' build argument 'cmake_args' from command line to 'None'
[0.431s] Level 5:colcon.colcon_core.verb:set package 'turtlesim_operations' build argument 'cmake_target' from command line to 'None'
[0.431s] Level 5:colcon.colcon_core.verb:set package 'turtlesim_operations' build argument 'cmake_target_skip_unavailable' from command line to 'False'
[0.431s] Level 5:colcon.colcon_core.verb:set package 'turtlesim_operations' build argument 'cmake_clean_cache' from command line to 'False'
[0.431s] Level 5:colcon.colcon_core.verb:set package 'turtlesim_operations' build argument 'cmake_clean_first' from command line to 'False'
[0.431s] Level 5:colcon.colcon_core.verb:set package 'turtlesim_operations' build argument 'cmake_force_configure' from command line to 'False'
[0.431s] Level 5:colcon.colcon_core.verb:set package 'turtlesim_operations' build argument 'ament_cmake_args' from command line to 'None'
[0.431s] Level 5:colcon.colcon_core.verb:set package 'turtlesim_operations' build argument 'catkin_cmake_args' from command line to 'None'
[0.431s] Level 5:colcon.colcon_core.verb:set package 'turtlesim_operations' build argument 'catkin_skip_building_tests' from command line to 'False'
[0.431s] DEBUG:colcon.colcon_core.verb:Building package 'turtlesim_operations' with the following arguments: {'ament_cmake_args': None, 'build_base': '/home/student/Documents/pnimpra/lab3/ros2_ws/build/turtlesim_operations', 'catkin_cmake_args': None, 'catkin_skip_building_tests': False, 'cmake_args': None, 'cmake_clean_cache': False, 'cmake_clean_first': False, 'cmake_force_configure': False, 'cmake_target': None, 'cmake_target_skip_unavailable': False, 'install_base': '/home/student/Documents/pnimpra/lab3/ros2_ws/install/turtlesim_operations', 'merge_install': False, 'path': '/home/student/Documents/pnimpra/lab3/ros2_ws/src/pnimpra_ros_introduction/turtlesim_operations', 'symlink_install': True, 'test_result_base': None}
[0.431s] INFO:colcon.colcon_core.executor:Executing jobs using 'parallel' executor
[0.432s] DEBUG:colcon.colcon_parallel_executor.executor.parallel:run_until_complete
[0.432s] INFO:colcon.colcon_ros.task.ament_python.build:Building ROS package in '/home/student/Documents/pnimpra/lab3/ros2_ws/src/pnimpra_ros_introduction/consecutive_numbers' with build type 'ament_python'
[0.432s] Level 1:colcon.colcon_core.shell:create_environment_hook('consecutive_numbers', 'ament_prefix_path')
[0.435s] INFO:colcon.colcon_core.plugin_system:Skipping extension 'colcon_core.shell.bat': Not used on non-Windows systems
[0.435s] INFO:colcon.colcon_core.shell:Creating environment hook '/home/student/Documents/pnimpra/lab3/ros2_ws/install/consecutive_numbers/share/consecutive_numbers/hook/ament_prefix_path.ps1'
[0.435s] INFO:colcon.colcon_core.shell:Creating environment descriptor '/home/student/Documents/pnimpra/lab3/ros2_ws/install/consecutive_numbers/share/consecutive_numbers/hook/ament_prefix_path.dsv'
[0.436s] INFO:colcon.colcon_core.shell:Creating environment hook '/home/student/Documents/pnimpra/lab3/ros2_ws/install/consecutive_numbers/share/consecutive_numbers/hook/ament_prefix_path.sh'
[0.437s] INFO:colcon.colcon_core.shell:Skip shell extension 'powershell' for command environment: Not usable outside of PowerShell
[0.437s] DEBUG:colcon.colcon_core.shell:Skip shell extension 'dsv' for command environment
[0.442s] INFO:colcon.colcon_ros.task.ament_python.build:Building ROS package in '/home/student/Documents/pnimpra/lab3/ros2_ws/src/pub_and_sub' with build type 'ament_python'
[0.442s] Level 1:colcon.colcon_core.shell:create_environment_hook('pub_and_sub', 'ament_prefix_path')
[0.442s] INFO:colcon.colcon_core.shell:Creating environment hook '/home/student/Documents/pnimpra/lab3/ros2_ws/install/pub_and_sub/share/pub_and_sub/hook/ament_prefix_path.ps1'
[0.443s] INFO:colcon.colcon_core.shell:Creating environment descriptor '/home/student/Documents/pnimpra/lab3/ros2_ws/install/pub_and_sub/share/pub_and_sub/hook/ament_prefix_path.dsv'
[0.443s] INFO:colcon.colcon_core.shell:Creating environment hook '/home/student/Documents/pnimpra/lab3/ros2_ws/install/pub_and_sub/share/pub_and_sub/hook/ament_prefix_path.sh'
[0.444s] INFO:colcon.colcon_core.shell:Skip shell extension 'powershell' for command environment: Not usable outside of PowerShell
[0.444s] DEBUG:colcon.colcon_core.shell:Skip shell extension 'dsv' for command environment
[0.451s] INFO:colcon.colcon_ros.task.ament_python.build:Building ROS package in '/home/student/Documents/pnimpra/lab3/ros2_ws/src/pnimpra_ros_introduction/turtlesim_operations' with build type 'ament_python'
[0.451s] Level 1:colcon.colcon_core.shell:create_environment_hook('turtlesim_operations', 'ament_prefix_path')
[0.451s] INFO:colcon.colcon_core.shell:Creating environment hook '/home/student/Documents/pnimpra/lab3/ros2_ws/install/turtlesim_operations/share/turtlesim_operations/hook/ament_prefix_path.ps1'
[0.452s] INFO:colcon.colcon_core.shell:Creating environment descriptor '/home/student/Documents/pnimpra/lab3/ros2_ws/install/turtlesim_operations/share/turtlesim_operations/hook/ament_prefix_path.dsv'
[0.453s] INFO:colcon.colcon_core.shell:Creating environment hook '/home/student/Documents/pnimpra/lab3/ros2_ws/install/turtlesim_operations/share/turtlesim_operations/hook/ament_prefix_path.sh'
[0.453s] INFO:colcon.colcon_core.shell:Skip shell extension 'powershell' for command environment: Not usable outside of PowerShell
[0.453s] DEBUG:colcon.colcon_core.shell:Skip shell extension 'dsv' for command environment
[0.746s] INFO:colcon.colcon_core.task.python.build:Building Python package in '/home/student/Documents/pnimpra/lab3/ros2_ws/src/pnimpra_ros_introduction/consecutive_numbers'
[0.746s] INFO:colcon.colcon_core.shell:Skip shell extension 'powershell' for command environment: Not usable outside of PowerShell
[0.746s] DEBUG:colcon.colcon_core.shell:Skip shell extension 'dsv' for command environment
[1.022s] INFO:colcon.colcon_core.task.python.build:Building Python package in '/home/student/Documents/pnimpra/lab3/ros2_ws/src/pub_and_sub'
[1.022s] INFO:colcon.colcon_core.shell:Skip shell extension 'powershell' for command environment: Not usable outside of PowerShell
[1.022s] DEBUG:colcon.colcon_core.shell:Skip shell extension 'dsv' for command environment
[1.300s] INFO:colcon.colcon_core.task.python.build:Building Python package in '/home/student/Documents/pnimpra/lab3/ros2_ws/src/pnimpra_ros_introduction/turtlesim_operations'
[1.300s] INFO:colcon.colcon_core.shell:Skip shell extension 'powershell' for command environment: Not usable outside of PowerShell
[1.300s] DEBUG:colcon.colcon_core.shell:Skip shell extension 'dsv' for command environment
[1.700s] DEBUG:colcon.colcon_core.event_handler.log_command:Invoking command in '/home/student/Documents/pnimpra/lab3/ros2_ws/build/pub_and_sub': PYTHONPATH=/home/student/Documents/pnimpra/lab3/ros2_ws/build/pub_and_sub/prefix_override:/usr/lib/python3/dist-packages/colcon_core/task/python/colcon_distutils_commands:/home/student/Documents/pnimpra/lab3/ros2_ws/install/pub_and_sub/lib/python3.10/site-packages:${PYTHONPATH} /usr/bin/python3 -W ignore:setup.py install is deprecated -W ignore:easy_install command is deprecated setup.py develop --editable --build-directory /home/student/Documents/pnimpra/lab3/ros2_ws/build/pub_and_sub/build --no-deps symlink_data
[1.706s] DEBUG:colcon.colcon_core.event_handler.log_command:Invoking command in '/home/student/Documents/pnimpra/lab3/ros2_ws/build/turtlesim_operations': PYTHONPATH=/home/student/Documents/pnimpra/lab3/ros2_ws/build/turtlesim_operations/prefix_override:/usr/lib/python3/dist-packages/colcon_core/task/python/colcon_distutils_commands:/home/student/Documents/pnimpra/lab3/ros2_ws/install/turtlesim_operations/lib/python3.10/site-packages:${PYTHONPATH} /usr/bin/python3 -W ignore:setup.py install is deprecated -W ignore:easy_install command is deprecated setup.py develop --editable --build-directory /home/student/Documents/pnimpra/lab3/ros2_ws/build/turtlesim_operations/build --no-deps symlink_data
[1.733s] DEBUG:colcon.colcon_core.event_handler.log_command:Invoking command in '/home/student/Documents/pnimpra/lab3/ros2_ws/build/consecutive_numbers': PYTHONPATH=/home/student/Documents/pnimpra/lab3/ros2_ws/build/consecutive_numbers/prefix_override:/usr/lib/python3/dist-packages/colcon_core/task/python/colcon_distutils_commands:/home/student/Documents/pnimpra/lab3/ros2_ws/install/consecutive_numbers/lib/python3.10/site-packages:${PYTHONPATH} /usr/bin/python3 -W ignore:setup.py install is deprecated -W ignore:easy_install command is deprecated setup.py develop --editable --build-directory /home/student/Documents/pnimpra/lab3/ros2_ws/build/consecutive_numbers/build --no-deps symlink_data
[2.232s] Level 1:colcon.colcon_core.shell:create_environment_hook('pub_and_sub', 'pythonpath_develop')
[2.233s] INFO:colcon.colcon_core.shell:Creating environment hook '/home/student/Documents/pnimpra/lab3/ros2_ws/build/pub_and_sub/share/pub_and_sub/hook/pythonpath_develop.ps1'
[2.233s] DEBUG:colcon.colcon_core.event_handler.log_command:Invoked command in '/home/student/Documents/pnimpra/lab3/ros2_ws/build/pub_and_sub' returned '0': PYTHONPATH=/home/student/Documents/pnimpra/lab3/ros2_ws/build/pub_and_sub/prefix_override:/usr/lib/python3/dist-packages/colcon_core/task/python/colcon_distutils_commands:/home/student/Documents/pnimpra/lab3/ros2_ws/install/pub_and_sub/lib/python3.10/site-packages:${PYTHONPATH} /usr/bin/python3 -W ignore:setup.py install is deprecated -W ignore:easy_install command is deprecated setup.py develop --editable --build-directory /home/student/Documents/pnimpra/lab3/ros2_ws/build/pub_and_sub/build --no-deps symlink_data
[2.234s] INFO:colcon.colcon_core.shell:Creating environment descriptor '/home/student/Documents/pnimpra/lab3/ros2_ws/build/pub_and_sub/share/pub_and_sub/hook/pythonpath_develop.dsv'
[2.234s] INFO:colcon.colcon_core.shell:Creating environment hook '/home/student/Documents/pnimpra/lab3/ros2_ws/build/pub_and_sub/share/pub_and_sub/hook/pythonpath_develop.sh'
[2.238s] Level 1:colcon.colcon_core.environment:checking '/home/student/Documents/pnimpra/lab3/ros2_ws/install/pub_and_sub' for CMake module files
[2.238s] Level 1:colcon.colcon_core.environment:checking '/home/student/Documents/pnimpra/lab3/ros2_ws/install/pub_and_sub' for CMake config files
[2.239s] Level 1:colcon.colcon_core.environment:checking '/home/student/Documents/pnimpra/lab3/ros2_ws/install/pub_and_sub/lib'
[2.240s] Level 1:colcon.colcon_core.environment:checking '/home/student/Documents/pnimpra/lab3/ros2_ws/install/pub_and_sub/bin'
[2.240s] Level 1:colcon.colcon_core.environment:checking '/home/student/Documents/pnimpra/lab3/ros2_ws/install/pub_and_sub/lib/pkgconfig/pub_and_sub.pc'
[2.240s] Level 1:colcon.colcon_core.environment:checking '/home/student/Documents/pnimpra/lab3/ros2_ws/install/pub_and_sub/lib/python3.10/site-packages'
[2.240s] Level 1:colcon.colcon_core.shell:create_environment_hook('pub_and_sub', 'pythonpath')
[2.240s] INFO:colcon.colcon_core.shell:Creating environment hook '/home/student/Documents/pnimpra/lab3/ros2_ws/install/pub_and_sub/share/pub_and_sub/hook/pythonpath.ps1'
[2.241s] INFO:colcon.colcon_core.shell:Creating environment descriptor '/home/student/Documents/pnimpra/lab3/ros2_ws/install/pub_and_sub/share/pub_and_sub/hook/pythonpath.dsv'
[2.241s] INFO:colcon.colcon_core.shell:Creating environment hook '/home/student/Documents/pnimpra/lab3/ros2_ws/install/pub_and_sub/share/pub_and_sub/hook/pythonpath.sh'
[2.242s] Level 1:colcon.colcon_core.environment:checking '/home/student/Documents/pnimpra/lab3/ros2_ws/install/pub_and_sub/bin'
[2.242s] Level 1:colcon.colcon_core.environment:create_environment_scripts_only(pub_and_sub)
[2.242s] INFO:colcon.colcon_core.shell:Creating package script '/home/student/Documents/pnimpra/lab3/ros2_ws/install/pub_and_sub/share/pub_and_sub/package.ps1'
[2.244s] INFO:colcon.colcon_core.shell:Creating package descriptor '/home/student/Documents/pnimpra/lab3/ros2_ws/install/pub_and_sub/share/pub_and_sub/package.dsv'
[2.244s] INFO:colcon.colcon_core.shell:Creating package script '/home/student/Documents/pnimpra/lab3/ros2_ws/install/pub_and_sub/share/pub_and_sub/package.sh'
[2.245s] INFO:colcon.colcon_core.shell:Creating package script '/home/student/Documents/pnimpra/lab3/ros2_ws/install/pub_and_sub/share/pub_and_sub/package.bash'
[2.246s] INFO:colcon.colcon_core.shell:Creating package script '/home/student/Documents/pnimpra/lab3/ros2_ws/install/pub_and_sub/share/pub_and_sub/package.zsh'
[2.247s] Level 1:colcon.colcon_core.environment:create_file_with_runtime_dependencies(/home/student/Documents/pnimpra/lab3/ros2_ws/install/pub_and_sub/share/colcon-core/packages/pub_and_sub)
[2.248s] Level 1:colcon.colcon_core.shell:create_environment_hook('turtlesim_operations', 'pythonpath_develop')
[2.249s] INFO:colcon.colcon_core.shell:Creating environment hook '/home/student/Documents/pnimpra/lab3/ros2_ws/build/turtlesim_operations/share/turtlesim_operations/hook/pythonpath_develop.ps1'
[2.250s] DEBUG:colcon.colcon_core.event_handler.log_command:Invoked command in '/home/student/Documents/pnimpra/lab3/ros2_ws/build/turtlesim_operations' returned '0': PYTHONPATH=/home/student/Documents/pnimpra/lab3/ros2_ws/build/turtlesim_operations/prefix_override:/usr/lib/python3/dist-packages/colcon_core/task/python/colcon_distutils_commands:/home/student/Documents/pnimpra/lab3/ros2_ws/install/turtlesim_operations/lib/python3.10/site-packages:${PYTHONPATH} /usr/bin/python3 -W ignore:setup.py install is deprecated -W ignore:easy_install command is deprecated setup.py develop --editable --build-directory /home/student/Documents/pnimpra/lab3/ros2_ws/build/turtlesim_operations/build --no-deps symlink_data
[2.251s] INFO:colcon.colcon_core.shell:Creating environment descriptor '/home/student/Documents/pnimpra/lab3/ros2_ws/build/turtlesim_operations/share/turtlesim_operations/hook/pythonpath_develop.dsv'
[2.251s] INFO:colcon.colcon_core.shell:Creating environment hook '/home/student/Documents/pnimpra/lab3/ros2_ws/build/turtlesim_operations/share/turtlesim_operations/hook/pythonpath_develop.sh'
[2.252s] Level 1:colcon.colcon_core.environment:checking '/home/student/Documents/pnimpra/lab3/ros2_ws/install/turtlesim_operations' for CMake module files
[2.253s] Level 1:colcon.colcon_core.environment:checking '/home/student/Documents/pnimpra/lab3/ros2_ws/install/turtlesim_operations' for CMake config files
[2.253s] Level 1:colcon.colcon_core.environment:checking '/home/student/Documents/pnimpra/lab3/ros2_ws/install/turtlesim_operations/lib'
[2.253s] Level 1:colcon.colcon_core.environment:checking '/home/student/Documents/pnimpra/lab3/ros2_ws/install/turtlesim_operations/bin'
[2.253s] Level 1:colcon.colcon_core.environment:checking '/home/student/Documents/pnimpra/lab3/ros2_ws/install/turtlesim_operations/lib/pkgconfig/turtlesim_operations.pc'
[2.254s] Level 1:colcon.colcon_core.environment:checking '/home/student/Documents/pnimpra/lab3/ros2_ws/install/turtlesim_operations/lib/python3.10/site-packages'
[2.256s] Level 1:colcon.colcon_core.shell:create_environment_hook('turtlesim_operations', 'pythonpath')
[2.257s] INFO:colcon.colcon_core.shell:Creating environment hook '/home/student/Documents/pnimpra/lab3/ros2_ws/install/turtlesim_operations/share/turtlesim_operations/hook/pythonpath.ps1'
[2.257s] INFO:colcon.colcon_core.shell:Creating environment descriptor '/home/student/Documents/pnimpra/lab3/ros2_ws/install/turtlesim_operations/share/turtlesim_operations/hook/pythonpath.dsv'
[2.259s] INFO:colcon.colcon_core.shell:Creating environment hook '/home/student/Documents/pnimpra/lab3/ros2_ws/install/turtlesim_operations/share/turtlesim_operations/hook/pythonpath.sh'
[2.260s] Level 1:colcon.colcon_core.environment:checking '/home/student/Documents/pnimpra/lab3/ros2_ws/install/turtlesim_operations/bin'
[2.260s] Level 1:colcon.colcon_core.environment:create_environment_scripts_only(turtlesim_operations)
[2.261s] INFO:colcon.colcon_core.shell:Creating package script '/home/student/Documents/pnimpra/lab3/ros2_ws/install/turtlesim_operations/share/turtlesim_operations/package.ps1'
[2.261s] INFO:colcon.colcon_core.shell:Creating package descriptor '/home/student/Documents/pnimpra/lab3/ros2_ws/install/turtlesim_operations/share/turtlesim_operations/package.dsv'
[2.262s] INFO:colcon.colcon_core.shell:Creating package script '/home/student/Documents/pnimpra/lab3/ros2_ws/install/turtlesim_operations/share/turtlesim_operations/package.sh'
[2.262s] INFO:colcon.colcon_core.shell:Creating package script '/home/student/Documents/pnimpra/lab3/ros2_ws/install/turtlesim_operations/share/turtlesim_operations/package.bash'
[2.263s] INFO:colcon.colcon_core.shell:Creating package script '/home/student/Documents/pnimpra/lab3/ros2_ws/install/turtlesim_operations/share/turtlesim_operations/package.zsh'
[2.263s] Level 1:colcon.colcon_core.environment:create_file_with_runtime_dependencies(/home/student/Documents/pnimpra/lab3/ros2_ws/install/turtlesim_operations/share/colcon-core/packages/turtlesim_operations)
[2.275s] Level 1:colcon.colcon_core.shell:create_environment_hook('consecutive_numbers', 'pythonpath_develop')
[2.275s] INFO:colcon.colcon_core.shell:Creating environment hook '/home/student/Documents/pnimpra/lab3/ros2_ws/build/consecutive_numbers/share/consecutive_numbers/hook/pythonpath_develop.ps1'
[2.276s] DEBUG:colcon.colcon_core.event_handler.log_command:Invoked command in '/home/student/Documents/pnimpra/lab3/ros2_ws/build/consecutive_numbers' returned '0': PYTHONPATH=/home/student/Documents/pnimpra/lab3/ros2_ws/build/consecutive_numbers/prefix_override:/usr/lib/python3/dist-packages/colcon_core/task/python/colcon_distutils_commands:/home/student/Documents/pnimpra/lab3/ros2_ws/install/consecutive_numbers/lib/python3.10/site-packages:${PYTHONPATH} /usr/bin/python3 -W ignore:setup.py install is deprecated -W ignore:easy_install command is deprecated setup.py develop --editable --build-directory /home/student/Documents/pnimpra/lab3/ros2_ws/build/consecutive_numbers/build --no-deps symlink_data
[2.277s] INFO:colcon.colcon_core.shell:Creating environment descriptor '/home/student/Documents/pnimpra/lab3/ros2_ws/build/consecutive_numbers/share/consecutive_numbers/hook/pythonpath_develop.dsv'
[2.278s] INFO:colcon.colcon_core.shell:Creating environment hook '/home/student/Documents/pnimpra/lab3/ros2_ws/build/consecutive_numbers/share/consecutive_numbers/hook/pythonpath_develop.sh'
[2.278s] Level 1:colcon.colcon_core.environment:checking '/home/student/Documents/pnimpra/lab3/ros2_ws/install/consecutive_numbers' for CMake module files
[2.279s] Level 1:colcon.colcon_core.environment:checking '/home/student/Documents/pnimpra/lab3/ros2_ws/install/consecutive_numbers' for CMake config files
[2.280s] Level 1:colcon.colcon_core.environment:checking '/home/student/Documents/pnimpra/lab3/ros2_ws/install/consecutive_numbers/lib'
[2.280s] Level 1:colcon.colcon_core.environment:checking '/home/student/Documents/pnimpra/lab3/ros2_ws/install/consecutive_numbers/bin'
[2.280s] Level 1:colcon.colcon_core.environment:checking '/home/student/Documents/pnimpra/lab3/ros2_ws/install/consecutive_numbers/lib/pkgconfig/consecutive_numbers.pc'
[2.280s] Level 1:colcon.colcon_core.environment:checking '/home/student/Documents/pnimpra/lab3/ros2_ws/install/consecutive_numbers/lib/python3.10/site-packages'
[2.280s] Level 1:colcon.colcon_core.shell:create_environment_hook('consecutive_numbers', 'pythonpath')
[2.280s] INFO:colcon.colcon_core.shell:Creating environment hook '/home/student/Documents/pnimpra/lab3/ros2_ws/install/consecutive_numbers/share/consecutive_numbers/hook/pythonpath.ps1'
[2.282s] INFO:colcon.colcon_core.shell:Creating environment descriptor '/home/student/Documents/pnimpra/lab3/ros2_ws/install/consecutive_numbers/share/consecutive_numbers/hook/pythonpath.dsv'
[2.282s] INFO:colcon.colcon_core.shell:Creating environment hook '/home/student/Documents/pnimpra/lab3/ros2_ws/install/consecutive_numbers/share/consecutive_numbers/hook/pythonpath.sh'
[2.283s] Level 1:colcon.colcon_core.environment:checking '/home/student/Documents/pnimpra/lab3/ros2_ws/install/consecutive_numbers/bin'
[2.283s] Level 1:colcon.colcon_core.environment:create_environment_scripts_only(consecutive_numbers)
[2.283s] INFO:colcon.colcon_core.shell:Creating package script '/home/student/Documents/pnimpra/lab3/ros2_ws/install/consecutive_numbers/share/consecutive_numbers/package.ps1'
[2.284s] INFO:colcon.colcon_core.shell:Creating package descriptor '/home/student/Documents/pnimpra/lab3/ros2_ws/install/consecutive_numbers/share/consecutive_numbers/package.dsv'
[2.284s] INFO:colcon.colcon_core.shell:Creating package script '/home/student/Documents/pnimpra/lab3/ros2_ws/install/consecutive_numbers/share/consecutive_numbers/package.sh'
[2.285s] INFO:colcon.colcon_core.shell:Creating package script '/home/student/Documents/pnimpra/lab3/ros2_ws/install/consecutive_numbers/share/consecutive_numbers/package.bash'
[2.286s] INFO:colcon.colcon_core.shell:Creating package script '/home/student/Documents/pnimpra/lab3/ros2_ws/install/consecutive_numbers/share/consecutive_numbers/package.zsh'
[2.286s] Level 1:colcon.colcon_core.environment:create_file_with_runtime_dependencies(/home/student/Documents/pnimpra/lab3/ros2_ws/install/consecutive_numbers/share/colcon-core/packages/consecutive_numbers)
[2.286s] DEBUG:colcon.colcon_parallel_executor.executor.parallel:closing loop
[2.286s] DEBUG:colcon.colcon_parallel_executor.executor.parallel:loop closed
[2.287s] DEBUG:colcon.colcon_parallel_executor.executor.parallel:run_until_complete finished with '0'
[2.287s] DEBUG:colcon.colcon_core.event_reactor:joining thread
[2.293s] INFO:colcon.colcon_core.plugin_system:Skipping extension 'colcon_notification.desktop_notification.terminal_notifier': Not used on non-Darwin systems
[2.293s] INFO:colcon.colcon_core.plugin_system:Skipping extension 'colcon_notification.desktop_notification.win32': Not used on non-Windows systems
[2.293s] INFO:colcon.colcon_notification.desktop_notification:Sending desktop notification using 'notify2'
[2.307s] DEBUG:colcon.colcon_core.event_reactor:joined thread
[2.308s] INFO:colcon.colcon_core.shell:Creating prefix script '/home/student/Documents/pnimpra/lab3/ros2_ws/install/local_setup.ps1'
[2.309s] INFO:colcon.colcon_core.shell:Creating prefix util module '/home/student/Documents/pnimpra/lab3/ros2_ws/install/_local_setup_util_ps1.py'
[2.312s] INFO:colcon.colcon_core.shell:Creating prefix chain script '/home/student/Documents/pnimpra/lab3/ros2_ws/install/setup.ps1'
[2.314s] INFO:colcon.colcon_core.shell:Creating prefix script '/home/student/Documents/pnimpra/lab3/ros2_ws/install/local_setup.sh'
[2.314s] INFO:colcon.colcon_core.shell:Creating prefix util module '/home/student/Documents/pnimpra/lab3/ros2_ws/install/_local_setup_util_sh.py'
[2.315s] INFO:colcon.colcon_core.shell:Creating prefix chain script '/home/student/Documents/pnimpra/lab3/ros2_ws/install/setup.sh'
[2.316s] INFO:colcon.colcon_core.shell:Creating prefix script '/home/student/Documents/pnimpra/lab3/ros2_ws/install/local_setup.bash'
[2.317s] INFO:colcon.colcon_core.shell:Creating prefix chain script '/home/student/Documents/pnimpra/lab3/ros2_ws/install/setup.bash'
[2.318s] INFO:colcon.colcon_core.shell:Creating prefix script '/home/student/Documents/pnimpra/lab3/ros2_ws/install/local_setup.zsh'
[2.318s] INFO:colcon.colcon_core.shell:Creating prefix chain script '/home/student/Documents/pnimpra/lab3/ros2_ws/install/setup.zsh'
